2024-04-26 17:52:59,078 INFO 494 Requested http://dev.virtualearth.net/REST/v1/Locations?q=%D0%93%D0%BE%D0%BC%D0%B5%D0%BB%D1%8C%2C+%D0%B1%D0%B5%D0%BB%D0%B0%D1%80%D1%83%D1%81%D1%8C&o=json&inclnb=1&key=AgY4Qy8qL2I1oMf6xu6SSpqncKEFzpjZIKzs3Y_lhKvdA4cRPMUpBEIDmgXxm5_e&maxResults=1
2024-04-26 17:52:59,819 INFO 494 Requested http://dev.virtualearth.net/REST/v1/Locations?q=%D0%91%D1%80%D0%B5%D1%81%D1%82%2C+%D0%B1%D0%B5%D0%BB%D0%B0%D1%80%D1%83%D1%81%D1%8C&o=json&inclnb=1&key=AgY4Qy8qL2I1oMf6xu6SSpqncKEFzpjZIKzs3Y_lhKvdA4cRPMUpBEIDmgXxm5_e&maxResults=1
2024-04-26 17:53:00,604 INFO 494 Requested http://dev.virtualearth.net/REST/v1/Locations?q=%D0%9C%D0%B8%D0%BD%D1%81%D0%BA%2C+%D0%B1%D0%B5%D0%BB%D0%B0%D1%80%D1%83%D1%81%D1%8C&o=json&inclnb=1&key=AgY4Qy8qL2I1oMf6xu6SSpqncKEFzpjZIKzs3Y_lhKvdA4cRPMUpBEIDmgXxm5_e&maxResults=1
2024-04-26 17:53:01,324 INFO 494 Requested http://dev.virtualearth.net/REST/v1/Locations?q=%D0%93%D1%80%D0%BE%D0%B4%D0%BD%D0%BE%2C+%D0%B1%D0%B5%D0%BB%D0%B0%D1%80%D1%83%D1%81%D1%8C&o=json&inclnb=1&key=AgY4Qy8qL2I1oMf6xu6SSpqncKEFzpjZIKzs3Y_lhKvdA4cRPMUpBEIDmgXxm5_e&maxResults=1
2024-04-26 17:53:02,175 INFO 494 Requested http://dev.virtualearth.net/REST/v1/Locations?q=%D0%9C%D0%BE%D0%B3%D0%B8%D0%BB%D0%B5%D0%B2%2C+%D0%B1%D0%B5%D0%BB%D0%B0%D1%80%D1%83%D1%81%D1%8C&o=json&inclnb=1&key=AgY4Qy8qL2I1oMf6xu6SSpqncKEFzpjZIKzs3Y_lhKvdA4cRPMUpBEIDmgXxm5_e&maxResults=1
2024-04-26 17:53:03,122 INFO 494 Requested http://dev.virtualearth.net/REST/v1/Locations?q=%D0%92%D0%B8%D1%82%D0%B5%D0%B1%D1%81%D0%BA%2C+%D0%B1%D0%B5%D0%BB%D0%B0%D1%80%D1%83%D1%81%D1%8C&o=json&inclnb=1&key=AgY4Qy8qL2I1oMf6xu6SSpqncKEFzpjZIKzs3Y_lhKvdA4cRPMUpBEIDmgXxm5_e&maxResults=1
2024-04-26 17:55:22,230 INFO 9 lr | r2:[0.68 0.64], mae: [45935.2  47833.76]
2024-04-26 17:56:19,505 INFO 22 gs | r2:[0.73 0.69], mae: [37375.09 41259.5 ]
2024-04-26 17:57:59,624 INFO 22 gs | r2:[0.77 0.72], mae: [37369.92 41678.65]
2024-04-26 17:59:16,267 INFO 22 gs | r2:[0.77 0.72], mae: [37369.92 41677.81]
2024-04-26 18:19:35,122 INFO 494 Requested http://dev.virtualearth.net/REST/v1/Locations?q=%D0%93%D0%BE%D0%BC%D0%B5%D0%BB%D1%8C%2C+%D0%B1%D0%B5%D0%BB%D0%B0%D1%80%D1%83%D1%81%D1%8C&o=json&inclnb=1&key=AgY4Qy8qL2I1oMf6xu6SSpqncKEFzpjZIKzs3Y_lhKvdA4cRPMUpBEIDmgXxm5_e&maxResults=1
2024-04-26 18:19:35,882 INFO 494 Requested http://dev.virtualearth.net/REST/v1/Locations?q=%D0%91%D1%80%D0%B5%D1%81%D1%82%2C+%D0%B1%D0%B5%D0%BB%D0%B0%D1%80%D1%83%D1%81%D1%8C&o=json&inclnb=1&key=AgY4Qy8qL2I1oMf6xu6SSpqncKEFzpjZIKzs3Y_lhKvdA4cRPMUpBEIDmgXxm5_e&maxResults=1
2024-04-26 18:19:36,871 INFO 494 Requested http://dev.virtualearth.net/REST/v1/Locations?q=%D0%9C%D0%B8%D0%BD%D1%81%D0%BA%2C+%D0%B1%D0%B5%D0%BB%D0%B0%D1%80%D1%83%D1%81%D1%8C&o=json&inclnb=1&key=AgY4Qy8qL2I1oMf6xu6SSpqncKEFzpjZIKzs3Y_lhKvdA4cRPMUpBEIDmgXxm5_e&maxResults=1
2024-04-26 18:19:37,590 INFO 494 Requested http://dev.virtualearth.net/REST/v1/Locations?q=%D0%93%D1%80%D0%BE%D0%B4%D0%BD%D0%BE%2C+%D0%B1%D0%B5%D0%BB%D0%B0%D1%80%D1%83%D1%81%D1%8C&o=json&inclnb=1&key=AgY4Qy8qL2I1oMf6xu6SSpqncKEFzpjZIKzs3Y_lhKvdA4cRPMUpBEIDmgXxm5_e&maxResults=1
2024-04-26 18:19:39,028 INFO 494 Requested http://dev.virtualearth.net/REST/v1/Locations?q=%D0%9C%D0%BE%D0%B3%D0%B8%D0%BB%D0%B5%D0%B2%2C+%D0%B1%D0%B5%D0%BB%D0%B0%D1%80%D1%83%D1%81%D1%8C&o=json&inclnb=1&key=AgY4Qy8qL2I1oMf6xu6SSpqncKEFzpjZIKzs3Y_lhKvdA4cRPMUpBEIDmgXxm5_e&maxResults=1
2024-04-26 18:19:39,934 INFO 494 Requested http://dev.virtualearth.net/REST/v1/Locations?q=%D0%92%D0%B8%D1%82%D0%B5%D0%B1%D1%81%D0%BA%2C+%D0%B1%D0%B5%D0%BB%D0%B0%D1%80%D1%83%D1%81%D1%8C&o=json&inclnb=1&key=AgY4Qy8qL2I1oMf6xu6SSpqncKEFzpjZIKzs3Y_lhKvdA4cRPMUpBEIDmgXxm5_e&maxResults=1
2024-04-26 18:20:42,156 INFO 9 lr | r2:[0.68 0.64], mae: [45934.41 47865.1 ]
2024-04-26 18:21:07,741 INFO 22 gs | r2:[0.77 0.72], mae: [37314.11 41671.49]
2024-04-26 18:30:42,990 INFO 494 Requested http://dev.virtualearth.net/REST/v1/Locations?q=%D0%93%D0%BE%D0%BC%D0%B5%D0%BB%D1%8C%2C+%D0%B1%D0%B5%D0%BB%D0%B0%D1%80%D1%83%D1%81%D1%8C&o=json&inclnb=1&key=AgY4Qy8qL2I1oMf6xu6SSpqncKEFzpjZIKzs3Y_lhKvdA4cRPMUpBEIDmgXxm5_e&maxResults=1
2024-04-26 18:30:43,807 INFO 494 Requested http://dev.virtualearth.net/REST/v1/Locations?q=%D0%91%D1%80%D0%B5%D1%81%D1%82%2C+%D0%B1%D0%B5%D0%BB%D0%B0%D1%80%D1%83%D1%81%D1%8C&o=json&inclnb=1&key=AgY4Qy8qL2I1oMf6xu6SSpqncKEFzpjZIKzs3Y_lhKvdA4cRPMUpBEIDmgXxm5_e&maxResults=1
2024-04-26 18:30:44,717 INFO 494 Requested http://dev.virtualearth.net/REST/v1/Locations?q=%D0%9C%D0%B8%D0%BD%D1%81%D0%BA%2C+%D0%B1%D0%B5%D0%BB%D0%B0%D1%80%D1%83%D1%81%D1%8C&o=json&inclnb=1&key=AgY4Qy8qL2I1oMf6xu6SSpqncKEFzpjZIKzs3Y_lhKvdA4cRPMUpBEIDmgXxm5_e&maxResults=1
2024-04-26 18:30:45,556 INFO 494 Requested http://dev.virtualearth.net/REST/v1/Locations?q=%D0%93%D1%80%D0%BE%D0%B4%D0%BD%D0%BE%2C+%D0%B1%D0%B5%D0%BB%D0%B0%D1%80%D1%83%D1%81%D1%8C&o=json&inclnb=1&key=AgY4Qy8qL2I1oMf6xu6SSpqncKEFzpjZIKzs3Y_lhKvdA4cRPMUpBEIDmgXxm5_e&maxResults=1
2024-04-26 18:30:46,303 INFO 494 Requested http://dev.virtualearth.net/REST/v1/Locations?q=%D0%9C%D0%BE%D0%B3%D0%B8%D0%BB%D0%B5%D0%B2%2C+%D0%B1%D0%B5%D0%BB%D0%B0%D1%80%D1%83%D1%81%D1%8C&o=json&inclnb=1&key=AgY4Qy8qL2I1oMf6xu6SSpqncKEFzpjZIKzs3Y_lhKvdA4cRPMUpBEIDmgXxm5_e&maxResults=1
2024-04-26 18:30:47,174 INFO 494 Requested http://dev.virtualearth.net/REST/v1/Locations?q=%D0%92%D0%B8%D1%82%D0%B5%D0%B1%D1%81%D0%BA%2C+%D0%B1%D0%B5%D0%BB%D0%B0%D1%80%D1%83%D1%81%D1%8C&o=json&inclnb=1&key=AgY4Qy8qL2I1oMf6xu6SSpqncKEFzpjZIKzs3Y_lhKvdA4cRPMUpBEIDmgXxm5_e&maxResults=1
2024-04-26 18:31:03,940 INFO 9 lr | r2:[0.68 0.64], mae: [63228.28 66650.27]
2024-04-26 18:31:27,226 INFO 22 gs | r2:[0.78 0.73], mae: [49704.54 53216.78]
2024-04-26 18:33:34,411 INFO 494 Requested http://dev.virtualearth.net/REST/v1/Locations?q=%D0%93%D0%BE%D0%BC%D0%B5%D0%BB%D1%8C%2C+%D0%B1%D0%B5%D0%BB%D0%B0%D1%80%D1%83%D1%81%D1%8C&o=json&inclnb=1&key=AgY4Qy8qL2I1oMf6xu6SSpqncKEFzpjZIKzs3Y_lhKvdA4cRPMUpBEIDmgXxm5_e&maxResults=1
2024-04-26 18:33:35,228 INFO 494 Requested http://dev.virtualearth.net/REST/v1/Locations?q=%D0%91%D1%80%D0%B5%D1%81%D1%82%2C+%D0%B1%D0%B5%D0%BB%D0%B0%D1%80%D1%83%D1%81%D1%8C&o=json&inclnb=1&key=AgY4Qy8qL2I1oMf6xu6SSpqncKEFzpjZIKzs3Y_lhKvdA4cRPMUpBEIDmgXxm5_e&maxResults=1
2024-04-26 18:33:36,349 INFO 494 Requested http://dev.virtualearth.net/REST/v1/Locations?q=%D0%9C%D0%B8%D0%BD%D1%81%D0%BA%2C+%D0%B1%D0%B5%D0%BB%D0%B0%D1%80%D1%83%D1%81%D1%8C&o=json&inclnb=1&key=AgY4Qy8qL2I1oMf6xu6SSpqncKEFzpjZIKzs3Y_lhKvdA4cRPMUpBEIDmgXxm5_e&maxResults=1
2024-04-26 18:33:38,080 INFO 494 Requested http://dev.virtualearth.net/REST/v1/Locations?q=%D0%93%D1%80%D0%BE%D0%B4%D0%BD%D0%BE%2C+%D0%B1%D0%B5%D0%BB%D0%B0%D1%80%D1%83%D1%81%D1%8C&o=json&inclnb=1&key=AgY4Qy8qL2I1oMf6xu6SSpqncKEFzpjZIKzs3Y_lhKvdA4cRPMUpBEIDmgXxm5_e&maxResults=1
2024-04-26 18:33:39,027 INFO 494 Requested http://dev.virtualearth.net/REST/v1/Locations?q=%D0%9C%D0%BE%D0%B3%D0%B8%D0%BB%D0%B5%D0%B2%2C+%D0%B1%D0%B5%D0%BB%D0%B0%D1%80%D1%83%D1%81%D1%8C&o=json&inclnb=1&key=AgY4Qy8qL2I1oMf6xu6SSpqncKEFzpjZIKzs3Y_lhKvdA4cRPMUpBEIDmgXxm5_e&maxResults=1
2024-04-26 18:33:40,538 INFO 494 Requested http://dev.virtualearth.net/REST/v1/Locations?q=%D0%92%D0%B8%D1%82%D0%B5%D0%B1%D1%81%D0%BA%2C+%D0%B1%D0%B5%D0%BB%D0%B0%D1%80%D1%83%D1%81%D1%8C&o=json&inclnb=1&key=AgY4Qy8qL2I1oMf6xu6SSpqncKEFzpjZIKzs3Y_lhKvdA4cRPMUpBEIDmgXxm5_e&maxResults=1
2024-04-26 18:33:56,991 INFO 9 lr | r2:[0.68 0.64], mae: [63228.28 66650.27]
2024-04-26 18:34:16,861 INFO 22 gs | r2:[0.78 0.73], mae: [49704.54 53216.78]
2024-04-26 18:36:35,057 INFO 9 lr | r2:[0.72 0.7 ], mae: [50495.21 51658.87]
2024-04-26 18:36:58,806 INFO 22 gs | r2:[0.8  0.75], mae: [40448.32 43672.09]
2024-04-26 18:39:36,674 INFO 494 Requested http://dev.virtualearth.net/REST/v1/Locations?q=%D0%93%D0%BE%D0%BC%D0%B5%D0%BB%D1%8C%2C+%D0%B1%D0%B5%D0%BB%D0%B0%D1%80%D1%83%D1%81%D1%8C&o=json&inclnb=1&key=AgY4Qy8qL2I1oMf6xu6SSpqncKEFzpjZIKzs3Y_lhKvdA4cRPMUpBEIDmgXxm5_e&maxResults=1
2024-04-26 18:39:37,503 INFO 494 Requested http://dev.virtualearth.net/REST/v1/Locations?q=%D0%91%D1%80%D0%B5%D1%81%D1%82%2C+%D0%B1%D0%B5%D0%BB%D0%B0%D1%80%D1%83%D1%81%D1%8C&o=json&inclnb=1&key=AgY4Qy8qL2I1oMf6xu6SSpqncKEFzpjZIKzs3Y_lhKvdA4cRPMUpBEIDmgXxm5_e&maxResults=1
2024-04-26 18:39:38,346 INFO 494 Requested http://dev.virtualearth.net/REST/v1/Locations?q=%D0%9C%D0%B8%D0%BD%D1%81%D0%BA%2C+%D0%B1%D0%B5%D0%BB%D0%B0%D1%80%D1%83%D1%81%D1%8C&o=json&inclnb=1&key=AgY4Qy8qL2I1oMf6xu6SSpqncKEFzpjZIKzs3Y_lhKvdA4cRPMUpBEIDmgXxm5_e&maxResults=1
2024-04-26 18:39:39,066 INFO 494 Requested http://dev.virtualearth.net/REST/v1/Locations?q=%D0%93%D1%80%D0%BE%D0%B4%D0%BD%D0%BE%2C+%D0%B1%D0%B5%D0%BB%D0%B0%D1%80%D1%83%D1%81%D1%8C&o=json&inclnb=1&key=AgY4Qy8qL2I1oMf6xu6SSpqncKEFzpjZIKzs3Y_lhKvdA4cRPMUpBEIDmgXxm5_e&maxResults=1
2024-04-26 18:39:39,876 INFO 494 Requested http://dev.virtualearth.net/REST/v1/Locations?q=%D0%9C%D0%BE%D0%B3%D0%B8%D0%BB%D0%B5%D0%B2%2C+%D0%B1%D0%B5%D0%BB%D0%B0%D1%80%D1%83%D1%81%D1%8C&o=json&inclnb=1&key=AgY4Qy8qL2I1oMf6xu6SSpqncKEFzpjZIKzs3Y_lhKvdA4cRPMUpBEIDmgXxm5_e&maxResults=1
2024-04-26 18:39:40,526 INFO 494 Requested http://dev.virtualearth.net/REST/v1/Locations?q=%D0%92%D0%B8%D1%82%D0%B5%D0%B1%D1%81%D0%BA%2C+%D0%B1%D0%B5%D0%BB%D0%B0%D1%80%D1%83%D1%81%D1%8C&o=json&inclnb=1&key=AgY4Qy8qL2I1oMf6xu6SSpqncKEFzpjZIKzs3Y_lhKvdA4cRPMUpBEIDmgXxm5_e&maxResults=1
2024-04-26 18:39:56,608 INFO 9 lr | r2:[0.72 0.69], mae: [50455.99 49451.61]
2024-04-26 18:40:14,639 INFO 22 gs | r2:[0.79 0.76], mae: [40736.27 43605.93]
2024-04-26 19:43:54,566 INFO 494 Requested http://dev.virtualearth.net/REST/v1/Locations?q=%D0%93%D0%BE%D0%BC%D0%B5%D0%BB%D1%8C%2C+%D0%B1%D0%B5%D0%BB%D0%B0%D1%80%D1%83%D1%81%D1%8C&o=json&inclnb=1&key=AgY4Qy8qL2I1oMf6xu6SSpqncKEFzpjZIKzs3Y_lhKvdA4cRPMUpBEIDmgXxm5_e&maxResults=1
2024-04-26 19:43:55,466 INFO 494 Requested http://dev.virtualearth.net/REST/v1/Locations?q=%D0%91%D1%80%D0%B5%D1%81%D1%82%2C+%D0%B1%D0%B5%D0%BB%D0%B0%D1%80%D1%83%D1%81%D1%8C&o=json&inclnb=1&key=AgY4Qy8qL2I1oMf6xu6SSpqncKEFzpjZIKzs3Y_lhKvdA4cRPMUpBEIDmgXxm5_e&maxResults=1
2024-04-26 19:43:56,096 INFO 494 Requested http://dev.virtualearth.net/REST/v1/Locations?q=%D0%9C%D0%B8%D0%BD%D1%81%D0%BA%2C+%D0%B1%D0%B5%D0%BB%D0%B0%D1%80%D1%83%D1%81%D1%8C&o=json&inclnb=1&key=AgY4Qy8qL2I1oMf6xu6SSpqncKEFzpjZIKzs3Y_lhKvdA4cRPMUpBEIDmgXxm5_e&maxResults=1
2024-04-26 19:43:56,726 INFO 494 Requested http://dev.virtualearth.net/REST/v1/Locations?q=%D0%93%D1%80%D0%BE%D0%B4%D0%BD%D0%BE%2C+%D0%B1%D0%B5%D0%BB%D0%B0%D1%80%D1%83%D1%81%D1%8C&o=json&inclnb=1&key=AgY4Qy8qL2I1oMf6xu6SSpqncKEFzpjZIKzs3Y_lhKvdA4cRPMUpBEIDmgXxm5_e&maxResults=1
2024-04-26 19:43:57,496 INFO 494 Requested http://dev.virtualearth.net/REST/v1/Locations?q=%D0%9C%D0%BE%D0%B3%D0%B8%D0%BB%D0%B5%D0%B2%2C+%D0%B1%D0%B5%D0%BB%D0%B0%D1%80%D1%83%D1%81%D1%8C&o=json&inclnb=1&key=AgY4Qy8qL2I1oMf6xu6SSpqncKEFzpjZIKzs3Y_lhKvdA4cRPMUpBEIDmgXxm5_e&maxResults=1
2024-04-26 19:43:58,314 INFO 494 Requested http://dev.virtualearth.net/REST/v1/Locations?q=%D0%92%D0%B8%D1%82%D0%B5%D0%B1%D1%81%D0%BA%2C+%D0%B1%D0%B5%D0%BB%D0%B0%D1%80%D1%83%D1%81%D1%8C&o=json&inclnb=1&key=AgY4Qy8qL2I1oMf6xu6SSpqncKEFzpjZIKzs3Y_lhKvdA4cRPMUpBEIDmgXxm5_e&maxResults=1
2024-04-26 19:44:37,451 INFO 9 lr | r2:[0.72 0.7 ], mae: [49748.6  48779.04]
2024-04-26 19:45:05,786 INFO 22 gs | r2:[0.8  0.76], mae: [40533.79 43409.76]
2024-04-26 21:57:48,211 INFO 494 Requested http://dev.virtualearth.net/REST/v1/Locations?q=%D0%93%D0%BE%D0%BC%D0%B5%D0%BB%D1%8C%2C+%D0%B1%D0%B5%D0%BB%D0%B0%D1%80%D1%83%D1%81%D1%8C&o=json&inclnb=1&key=AgY4Qy8qL2I1oMf6xu6SSpqncKEFzpjZIKzs3Y_lhKvdA4cRPMUpBEIDmgXxm5_e&maxResults=1
2024-04-26 21:57:49,079 INFO 494 Requested http://dev.virtualearth.net/REST/v1/Locations?q=%D0%91%D1%80%D0%B5%D1%81%D1%82%2C+%D0%B1%D0%B5%D0%BB%D0%B0%D1%80%D1%83%D1%81%D1%8C&o=json&inclnb=1&key=AgY4Qy8qL2I1oMf6xu6SSpqncKEFzpjZIKzs3Y_lhKvdA4cRPMUpBEIDmgXxm5_e&maxResults=1
2024-04-26 21:57:49,882 INFO 494 Requested http://dev.virtualearth.net/REST/v1/Locations?q=%D0%9C%D0%B8%D0%BD%D1%81%D0%BA%2C+%D0%B1%D0%B5%D0%BB%D0%B0%D1%80%D1%83%D1%81%D1%8C&o=json&inclnb=1&key=AgY4Qy8qL2I1oMf6xu6SSpqncKEFzpjZIKzs3Y_lhKvdA4cRPMUpBEIDmgXxm5_e&maxResults=1
2024-04-26 21:57:51,128 INFO 494 Requested http://dev.virtualearth.net/REST/v1/Locations?q=%D0%93%D1%80%D0%BE%D0%B4%D0%BD%D0%BE%2C+%D0%B1%D0%B5%D0%BB%D0%B0%D1%80%D1%83%D1%81%D1%8C&o=json&inclnb=1&key=AgY4Qy8qL2I1oMf6xu6SSpqncKEFzpjZIKzs3Y_lhKvdA4cRPMUpBEIDmgXxm5_e&maxResults=1
2024-04-26 21:57:51,969 INFO 494 Requested http://dev.virtualearth.net/REST/v1/Locations?q=%D0%9C%D0%BE%D0%B3%D0%B8%D0%BB%D0%B5%D0%B2%2C+%D0%B1%D0%B5%D0%BB%D0%B0%D1%80%D1%83%D1%81%D1%8C&o=json&inclnb=1&key=AgY4Qy8qL2I1oMf6xu6SSpqncKEFzpjZIKzs3Y_lhKvdA4cRPMUpBEIDmgXxm5_e&maxResults=1
2024-04-26 21:57:52,986 INFO 494 Requested http://dev.virtualearth.net/REST/v1/Locations?q=%D0%92%D0%B8%D1%82%D0%B5%D0%B1%D1%81%D0%BA%2C+%D0%B1%D0%B5%D0%BB%D0%B0%D1%80%D1%83%D1%81%D1%8C&o=json&inclnb=1&key=AgY4Qy8qL2I1oMf6xu6SSpqncKEFzpjZIKzs3Y_lhKvdA4cRPMUpBEIDmgXxm5_e&maxResults=1
2024-04-26 22:14:55,238 INFO 494 Requested http://dev.virtualearth.net/REST/v1/Locations?q=%D0%93%D0%BE%D0%BC%D0%B5%D0%BB%D1%8C%2C+%D0%B1%D0%B5%D0%BB%D0%B0%D1%80%D1%83%D1%81%D1%8C&o=json&inclnb=1&key=AgY4Qy8qL2I1oMf6xu6SSpqncKEFzpjZIKzs3Y_lhKvdA4cRPMUpBEIDmgXxm5_e&maxResults=1
2024-04-26 22:14:55,870 INFO 494 Requested http://dev.virtualearth.net/REST/v1/Locations?q=%D0%91%D1%80%D0%B5%D1%81%D1%82%2C+%D0%B1%D0%B5%D0%BB%D0%B0%D1%80%D1%83%D1%81%D1%8C&o=json&inclnb=1&key=AgY4Qy8qL2I1oMf6xu6SSpqncKEFzpjZIKzs3Y_lhKvdA4cRPMUpBEIDmgXxm5_e&maxResults=1
2024-04-26 22:14:56,645 INFO 494 Requested http://dev.virtualearth.net/REST/v1/Locations?q=%D0%9C%D0%B8%D0%BD%D1%81%D0%BA%2C+%D0%B1%D0%B5%D0%BB%D0%B0%D1%80%D1%83%D1%81%D1%8C&o=json&inclnb=1&key=AgY4Qy8qL2I1oMf6xu6SSpqncKEFzpjZIKzs3Y_lhKvdA4cRPMUpBEIDmgXxm5_e&maxResults=1
2024-04-26 22:14:57,312 INFO 494 Requested http://dev.virtualearth.net/REST/v1/Locations?q=%D0%93%D1%80%D0%BE%D0%B4%D0%BD%D0%BE%2C+%D0%B1%D0%B5%D0%BB%D0%B0%D1%80%D1%83%D1%81%D1%8C&o=json&inclnb=1&key=AgY4Qy8qL2I1oMf6xu6SSpqncKEFzpjZIKzs3Y_lhKvdA4cRPMUpBEIDmgXxm5_e&maxResults=1
2024-04-26 22:14:58,100 INFO 494 Requested http://dev.virtualearth.net/REST/v1/Locations?q=%D0%9C%D0%BE%D0%B3%D0%B8%D0%BB%D0%B5%D0%B2%2C+%D0%B1%D0%B5%D0%BB%D0%B0%D1%80%D1%83%D1%81%D1%8C&o=json&inclnb=1&key=AgY4Qy8qL2I1oMf6xu6SSpqncKEFzpjZIKzs3Y_lhKvdA4cRPMUpBEIDmgXxm5_e&maxResults=1
2024-04-26 22:14:58,897 INFO 494 Requested http://dev.virtualearth.net/REST/v1/Locations?q=%D0%92%D0%B8%D1%82%D0%B5%D0%B1%D1%81%D0%BA%2C+%D0%B1%D0%B5%D0%BB%D0%B0%D1%80%D1%83%D1%81%D1%8C&o=json&inclnb=1&key=AgY4Qy8qL2I1oMf6xu6SSpqncKEFzpjZIKzs3Y_lhKvdA4cRPMUpBEIDmgXxm5_e&maxResults=1
2024-04-26 22:16:31,921 INFO 494 Requested http://dev.virtualearth.net/REST/v1/Locations?q=%D0%93%D0%BE%D0%BC%D0%B5%D0%BB%D1%8C%2C+%D0%B1%D0%B5%D0%BB%D0%B0%D1%80%D1%83%D1%81%D1%8C&o=json&inclnb=1&key=AgY4Qy8qL2I1oMf6xu6SSpqncKEFzpjZIKzs3Y_lhKvdA4cRPMUpBEIDmgXxm5_e&maxResults=1
2024-04-26 22:16:32,678 INFO 494 Requested http://dev.virtualearth.net/REST/v1/Locations?q=%D0%91%D1%80%D0%B5%D1%81%D1%82%2C+%D0%B1%D0%B5%D0%BB%D0%B0%D1%80%D1%83%D1%81%D1%8C&o=json&inclnb=1&key=AgY4Qy8qL2I1oMf6xu6SSpqncKEFzpjZIKzs3Y_lhKvdA4cRPMUpBEIDmgXxm5_e&maxResults=1
2024-04-26 22:16:33,271 INFO 494 Requested http://dev.virtualearth.net/REST/v1/Locations?q=%D0%9C%D0%B8%D0%BD%D1%81%D0%BA%2C+%D0%B1%D0%B5%D0%BB%D0%B0%D1%80%D1%83%D1%81%D1%8C&o=json&inclnb=1&key=AgY4Qy8qL2I1oMf6xu6SSpqncKEFzpjZIKzs3Y_lhKvdA4cRPMUpBEIDmgXxm5_e&maxResults=1
2024-04-26 22:16:34,027 INFO 494 Requested http://dev.virtualearth.net/REST/v1/Locations?q=%D0%93%D1%80%D0%BE%D0%B4%D0%BD%D0%BE%2C+%D0%B1%D0%B5%D0%BB%D0%B0%D1%80%D1%83%D1%81%D1%8C&o=json&inclnb=1&key=AgY4Qy8qL2I1oMf6xu6SSpqncKEFzpjZIKzs3Y_lhKvdA4cRPMUpBEIDmgXxm5_e&maxResults=1
2024-04-26 22:16:34,979 INFO 494 Requested http://dev.virtualearth.net/REST/v1/Locations?q=%D0%9C%D0%BE%D0%B3%D0%B8%D0%BB%D0%B5%D0%B2%2C+%D0%B1%D0%B5%D0%BB%D0%B0%D1%80%D1%83%D1%81%D1%8C&o=json&inclnb=1&key=AgY4Qy8qL2I1oMf6xu6SSpqncKEFzpjZIKzs3Y_lhKvdA4cRPMUpBEIDmgXxm5_e&maxResults=1
2024-04-26 22:16:35,789 INFO 494 Requested http://dev.virtualearth.net/REST/v1/Locations?q=%D0%92%D0%B8%D1%82%D0%B5%D0%B1%D1%81%D0%BA%2C+%D0%B1%D0%B5%D0%BB%D0%B0%D1%80%D1%83%D1%81%D1%8C&o=json&inclnb=1&key=AgY4Qy8qL2I1oMf6xu6SSpqncKEFzpjZIKzs3Y_lhKvdA4cRPMUpBEIDmgXxm5_e&maxResults=1
2024-04-26 22:19:17,765 INFO 494 Requested http://dev.virtualearth.net/REST/v1/Locations?q=%D0%93%D0%BE%D0%BC%D0%B5%D0%BB%D1%8C%2C+%D0%B1%D0%B5%D0%BB%D0%B0%D1%80%D1%83%D1%81%D1%8C&o=json&inclnb=1&key=AgY4Qy8qL2I1oMf6xu6SSpqncKEFzpjZIKzs3Y_lhKvdA4cRPMUpBEIDmgXxm5_e&maxResults=1
2024-04-26 22:19:18,812 INFO 494 Requested http://dev.virtualearth.net/REST/v1/Locations?q=%D0%91%D1%80%D0%B5%D1%81%D1%82%2C+%D0%B1%D0%B5%D0%BB%D0%B0%D1%80%D1%83%D1%81%D1%8C&o=json&inclnb=1&key=AgY4Qy8qL2I1oMf6xu6SSpqncKEFzpjZIKzs3Y_lhKvdA4cRPMUpBEIDmgXxm5_e&maxResults=1
2024-04-26 22:19:19,441 INFO 494 Requested http://dev.virtualearth.net/REST/v1/Locations?q=%D0%9C%D0%B8%D0%BD%D1%81%D0%BA%2C+%D0%B1%D0%B5%D0%BB%D0%B0%D1%80%D1%83%D1%81%D1%8C&o=json&inclnb=1&key=AgY4Qy8qL2I1oMf6xu6SSpqncKEFzpjZIKzs3Y_lhKvdA4cRPMUpBEIDmgXxm5_e&maxResults=1
2024-04-26 22:19:20,253 INFO 494 Requested http://dev.virtualearth.net/REST/v1/Locations?q=%D0%93%D1%80%D0%BE%D0%B4%D0%BD%D0%BE%2C+%D0%B1%D0%B5%D0%BB%D0%B0%D1%80%D1%83%D1%81%D1%8C&o=json&inclnb=1&key=AgY4Qy8qL2I1oMf6xu6SSpqncKEFzpjZIKzs3Y_lhKvdA4cRPMUpBEIDmgXxm5_e&maxResults=1
2024-04-26 22:19:21,097 INFO 494 Requested http://dev.virtualearth.net/REST/v1/Locations?q=%D0%9C%D0%BE%D0%B3%D0%B8%D0%BB%D0%B5%D0%B2%2C+%D0%B1%D0%B5%D0%BB%D0%B0%D1%80%D1%83%D1%81%D1%8C&o=json&inclnb=1&key=AgY4Qy8qL2I1oMf6xu6SSpqncKEFzpjZIKzs3Y_lhKvdA4cRPMUpBEIDmgXxm5_e&maxResults=1
2024-04-26 22:19:21,963 INFO 494 Requested http://dev.virtualearth.net/REST/v1/Locations?q=%D0%92%D0%B8%D1%82%D0%B5%D0%B1%D1%81%D0%BA%2C+%D0%B1%D0%B5%D0%BB%D0%B0%D1%80%D1%83%D1%81%D1%8C&o=json&inclnb=1&key=AgY4Qy8qL2I1oMf6xu6SSpqncKEFzpjZIKzs3Y_lhKvdA4cRPMUpBEIDmgXxm5_e&maxResults=1
2024-04-26 22:19:43,996 INFO 9 lr | r2:[ 7.30000000e-01 -2.45516447e+08], mae: [4.91785300e+04 7.05569689e+07]
2024-04-26 22:20:15,528 INFO 22 gs | r2:[0.8  0.76], mae: [40680.26 43223.01]
2024-04-26 22:23:09,003 INFO 22 gs | r2:[0.8  0.76], mae: [40680.26 43218.3 ]
2024-04-26 22:28:26,903 INFO 494 Requested http://dev.virtualearth.net/REST/v1/Locations?q=%D0%93%D0%BE%D0%BC%D0%B5%D0%BB%D1%8C%2C+%D0%B1%D0%B5%D0%BB%D0%B0%D1%80%D1%83%D1%81%D1%8C&o=json&inclnb=1&key=AgY4Qy8qL2I1oMf6xu6SSpqncKEFzpjZIKzs3Y_lhKvdA4cRPMUpBEIDmgXxm5_e&maxResults=1
2024-04-26 22:28:27,979 INFO 494 Requested http://dev.virtualearth.net/REST/v1/Locations?q=%D0%91%D1%80%D0%B5%D1%81%D1%82%2C+%D0%B1%D0%B5%D0%BB%D0%B0%D1%80%D1%83%D1%81%D1%8C&o=json&inclnb=1&key=AgY4Qy8qL2I1oMf6xu6SSpqncKEFzpjZIKzs3Y_lhKvdA4cRPMUpBEIDmgXxm5_e&maxResults=1
2024-04-26 22:28:28,609 INFO 494 Requested http://dev.virtualearth.net/REST/v1/Locations?q=%D0%9C%D0%B8%D0%BD%D1%81%D0%BA%2C+%D0%B1%D0%B5%D0%BB%D0%B0%D1%80%D1%83%D1%81%D1%8C&o=json&inclnb=1&key=AgY4Qy8qL2I1oMf6xu6SSpqncKEFzpjZIKzs3Y_lhKvdA4cRPMUpBEIDmgXxm5_e&maxResults=1
2024-04-26 22:28:29,292 INFO 494 Requested http://dev.virtualearth.net/REST/v1/Locations?q=%D0%93%D1%80%D0%BE%D0%B4%D0%BD%D0%BE%2C+%D0%B1%D0%B5%D0%BB%D0%B0%D1%80%D1%83%D1%81%D1%8C&o=json&inclnb=1&key=AgY4Qy8qL2I1oMf6xu6SSpqncKEFzpjZIKzs3Y_lhKvdA4cRPMUpBEIDmgXxm5_e&maxResults=1
2024-04-26 22:28:30,138 INFO 494 Requested http://dev.virtualearth.net/REST/v1/Locations?q=%D0%9C%D0%BE%D0%B3%D0%B8%D0%BB%D0%B5%D0%B2%2C+%D0%B1%D0%B5%D0%BB%D0%B0%D1%80%D1%83%D1%81%D1%8C&o=json&inclnb=1&key=AgY4Qy8qL2I1oMf6xu6SSpqncKEFzpjZIKzs3Y_lhKvdA4cRPMUpBEIDmgXxm5_e&maxResults=1
2024-04-26 22:28:30,858 INFO 494 Requested http://dev.virtualearth.net/REST/v1/Locations?q=%D0%92%D0%B8%D1%82%D0%B5%D0%B1%D1%81%D0%BA%2C+%D0%B1%D0%B5%D0%BB%D0%B0%D1%80%D1%83%D1%81%D1%8C&o=json&inclnb=1&key=AgY4Qy8qL2I1oMf6xu6SSpqncKEFzpjZIKzs3Y_lhKvdA4cRPMUpBEIDmgXxm5_e&maxResults=1
2024-04-26 22:29:51,391 INFO 9 lr | r2:[0.72 0.7 ], mae: [49739.73 48771.46]
2024-04-26 22:30:41,298 INFO 22 gs | r2:[0.8  0.76], mae: [40602.12 43326.58]
2024-04-28 08:16:58,241 INFO 494 Requested http://dev.virtualearth.net/REST/v1/Locations?q=%D0%93%D0%BE%D0%BC%D0%B5%D0%BB%D1%8C%2C+%D0%B1%D0%B5%D0%BB%D0%B0%D1%80%D1%83%D1%81%D1%8C&o=json&inclnb=1&key=AgY4Qy8qL2I1oMf6xu6SSpqncKEFzpjZIKzs3Y_lhKvdA4cRPMUpBEIDmgXxm5_e&maxResults=1
2024-04-28 08:16:58,888 INFO 494 Requested http://dev.virtualearth.net/REST/v1/Locations?q=%D0%91%D1%80%D0%B5%D1%81%D1%82%2C+%D0%B1%D0%B5%D0%BB%D0%B0%D1%80%D1%83%D1%81%D1%8C&o=json&inclnb=1&key=AgY4Qy8qL2I1oMf6xu6SSpqncKEFzpjZIKzs3Y_lhKvdA4cRPMUpBEIDmgXxm5_e&maxResults=1
2024-04-28 08:16:59,519 INFO 494 Requested http://dev.virtualearth.net/REST/v1/Locations?q=%D0%9C%D0%B8%D0%BD%D1%81%D0%BA%2C+%D0%B1%D0%B5%D0%BB%D0%B0%D1%80%D1%83%D1%81%D1%8C&o=json&inclnb=1&key=AgY4Qy8qL2I1oMf6xu6SSpqncKEFzpjZIKzs3Y_lhKvdA4cRPMUpBEIDmgXxm5_e&maxResults=1
2024-04-28 08:17:00,866 INFO 494 Requested http://dev.virtualearth.net/REST/v1/Locations?q=%D0%93%D1%80%D0%BE%D0%B4%D0%BD%D0%BE%2C+%D0%B1%D0%B5%D0%BB%D0%B0%D1%80%D1%83%D1%81%D1%8C&o=json&inclnb=1&key=AgY4Qy8qL2I1oMf6xu6SSpqncKEFzpjZIKzs3Y_lhKvdA4cRPMUpBEIDmgXxm5_e&maxResults=1
2024-04-28 08:17:01,852 INFO 494 Requested http://dev.virtualearth.net/REST/v1/Locations?q=%D0%9C%D0%BE%D0%B3%D0%B8%D0%BB%D0%B5%D0%B2%2C+%D0%B1%D0%B5%D0%BB%D0%B0%D1%80%D1%83%D1%81%D1%8C&o=json&inclnb=1&key=AgY4Qy8qL2I1oMf6xu6SSpqncKEFzpjZIKzs3Y_lhKvdA4cRPMUpBEIDmgXxm5_e&maxResults=1
2024-04-28 08:17:02,733 INFO 494 Requested http://dev.virtualearth.net/REST/v1/Locations?q=%D0%92%D0%B8%D1%82%D0%B5%D0%B1%D1%81%D0%BA%2C+%D0%B1%D0%B5%D0%BB%D0%B0%D1%80%D1%83%D1%81%D1%8C&o=json&inclnb=1&key=AgY4Qy8qL2I1oMf6xu6SSpqncKEFzpjZIKzs3Y_lhKvdA4cRPMUpBEIDmgXxm5_e&maxResults=1
2024-04-28 08:17:22,678 INFO 9 lr | r2:[0.72 0.7 ], mae: [49739.73 48771.46]
2024-04-28 08:17:45,444 INFO 22 gs | r2:[0.8  0.76], mae: [40602.12 43326.58]
2024-04-28 08:20:09,866 INFO 494 Requested http://dev.virtualearth.net/REST/v1/Locations?q=%D0%93%D0%BE%D0%BC%D0%B5%D0%BB%D1%8C%2C+%D0%B1%D0%B5%D0%BB%D0%B0%D1%80%D1%83%D1%81%D1%8C&o=json&inclnb=1&key=AgY4Qy8qL2I1oMf6xu6SSpqncKEFzpjZIKzs3Y_lhKvdA4cRPMUpBEIDmgXxm5_e&maxResults=1
2024-04-28 08:20:10,744 INFO 494 Requested http://dev.virtualearth.net/REST/v1/Locations?q=%D0%91%D1%80%D0%B5%D1%81%D1%82%2C+%D0%B1%D0%B5%D0%BB%D0%B0%D1%80%D1%83%D1%81%D1%8C&o=json&inclnb=1&key=AgY4Qy8qL2I1oMf6xu6SSpqncKEFzpjZIKzs3Y_lhKvdA4cRPMUpBEIDmgXxm5_e&maxResults=1
2024-04-28 08:20:11,554 INFO 494 Requested http://dev.virtualearth.net/REST/v1/Locations?q=%D0%9C%D0%B8%D0%BD%D1%81%D0%BA%2C+%D0%B1%D0%B5%D0%BB%D0%B0%D1%80%D1%83%D1%81%D1%8C&o=json&inclnb=1&key=AgY4Qy8qL2I1oMf6xu6SSpqncKEFzpjZIKzs3Y_lhKvdA4cRPMUpBEIDmgXxm5_e&maxResults=1
2024-04-28 08:20:12,364 INFO 494 Requested http://dev.virtualearth.net/REST/v1/Locations?q=%D0%93%D1%80%D0%BE%D0%B4%D0%BD%D0%BE%2C+%D0%B1%D0%B5%D0%BB%D0%B0%D1%80%D1%83%D1%81%D1%8C&o=json&inclnb=1&key=AgY4Qy8qL2I1oMf6xu6SSpqncKEFzpjZIKzs3Y_lhKvdA4cRPMUpBEIDmgXxm5_e&maxResults=1
2024-04-28 08:20:13,083 INFO 494 Requested http://dev.virtualearth.net/REST/v1/Locations?q=%D0%9C%D0%BE%D0%B3%D0%B8%D0%BB%D0%B5%D0%B2%2C+%D0%B1%D0%B5%D0%BB%D0%B0%D1%80%D1%83%D1%81%D1%8C&o=json&inclnb=1&key=AgY4Qy8qL2I1oMf6xu6SSpqncKEFzpjZIKzs3Y_lhKvdA4cRPMUpBEIDmgXxm5_e&maxResults=1
2024-04-28 08:20:13,769 INFO 494 Requested http://dev.virtualearth.net/REST/v1/Locations?q=%D0%92%D0%B8%D1%82%D0%B5%D0%B1%D1%81%D0%BA%2C+%D0%B1%D0%B5%D0%BB%D0%B0%D1%80%D1%83%D1%81%D1%8C&o=json&inclnb=1&key=AgY4Qy8qL2I1oMf6xu6SSpqncKEFzpjZIKzs3Y_lhKvdA4cRPMUpBEIDmgXxm5_e&maxResults=1
2024-04-28 08:20:32,252 INFO 9 lr | r2:[0.72 0.7 ], mae: [49740.93 48774.59]
2024-04-28 08:20:53,418 INFO 22 gs | r2:[0.8  0.76], mae: [40542.38 43278.76]
2024-04-28 08:26:21,499 INFO 494 Requested http://dev.virtualearth.net/REST/v1/Locations?q=%D0%93%D0%BE%D0%BC%D0%B5%D0%BB%D1%8C%2C+%D0%B1%D0%B5%D0%BB%D0%B0%D1%80%D1%83%D1%81%D1%8C&o=json&inclnb=1&key=AgY4Qy8qL2I1oMf6xu6SSpqncKEFzpjZIKzs3Y_lhKvdA4cRPMUpBEIDmgXxm5_e&maxResults=1
2024-04-28 08:26:22,245 INFO 494 Requested http://dev.virtualearth.net/REST/v1/Locations?q=%D0%91%D1%80%D0%B5%D1%81%D1%82%2C+%D0%B1%D0%B5%D0%BB%D0%B0%D1%80%D1%83%D1%81%D1%8C&o=json&inclnb=1&key=AgY4Qy8qL2I1oMf6xu6SSpqncKEFzpjZIKzs3Y_lhKvdA4cRPMUpBEIDmgXxm5_e&maxResults=1
2024-04-28 08:26:22,999 INFO 494 Requested http://dev.virtualearth.net/REST/v1/Locations?q=%D0%9C%D0%B8%D0%BD%D1%81%D0%BA%2C+%D0%B1%D0%B5%D0%BB%D0%B0%D1%80%D1%83%D1%81%D1%8C&o=json&inclnb=1&key=AgY4Qy8qL2I1oMf6xu6SSpqncKEFzpjZIKzs3Y_lhKvdA4cRPMUpBEIDmgXxm5_e&maxResults=1
2024-04-28 08:26:23,955 INFO 494 Requested http://dev.virtualearth.net/REST/v1/Locations?q=%D0%93%D1%80%D0%BE%D0%B4%D0%BD%D0%BE%2C+%D0%B1%D0%B5%D0%BB%D0%B0%D1%80%D1%83%D1%81%D1%8C&o=json&inclnb=1&key=AgY4Qy8qL2I1oMf6xu6SSpqncKEFzpjZIKzs3Y_lhKvdA4cRPMUpBEIDmgXxm5_e&maxResults=1
2024-04-28 08:26:24,764 INFO 494 Requested http://dev.virtualearth.net/REST/v1/Locations?q=%D0%9C%D0%BE%D0%B3%D0%B8%D0%BB%D0%B5%D0%B2%2C+%D0%B1%D0%B5%D0%BB%D0%B0%D1%80%D1%83%D1%81%D1%8C&o=json&inclnb=1&key=AgY4Qy8qL2I1oMf6xu6SSpqncKEFzpjZIKzs3Y_lhKvdA4cRPMUpBEIDmgXxm5_e&maxResults=1
2024-04-28 08:26:25,582 INFO 494 Requested http://dev.virtualearth.net/REST/v1/Locations?q=%D0%92%D0%B8%D1%82%D0%B5%D0%B1%D1%81%D0%BA%2C+%D0%B1%D0%B5%D0%BB%D0%B0%D1%80%D1%83%D1%81%D1%8C&o=json&inclnb=1&key=AgY4Qy8qL2I1oMf6xu6SSpqncKEFzpjZIKzs3Y_lhKvdA4cRPMUpBEIDmgXxm5_e&maxResults=1
2024-04-28 08:26:44,151 INFO 9 lr | r2:[0.72 0.7 ], mae: [49717.23 48747.14]
2024-04-28 08:27:08,036 INFO 22 gs | r2:[0.8  0.76], mae: [40652.87 43366.07]
2024-04-28 08:29:24,628 INFO 494 Requested http://dev.virtualearth.net/REST/v1/Locations?q=%D0%93%D0%BE%D0%BC%D0%B5%D0%BB%D1%8C%2C+%D0%B1%D0%B5%D0%BB%D0%B0%D1%80%D1%83%D1%81%D1%8C&o=json&inclnb=1&key=AgY4Qy8qL2I1oMf6xu6SSpqncKEFzpjZIKzs3Y_lhKvdA4cRPMUpBEIDmgXxm5_e&maxResults=1
2024-04-28 08:29:25,512 INFO 494 Requested http://dev.virtualearth.net/REST/v1/Locations?q=%D0%91%D1%80%D0%B5%D1%81%D1%82%2C+%D0%B1%D0%B5%D0%BB%D0%B0%D1%80%D1%83%D1%81%D1%8C&o=json&inclnb=1&key=AgY4Qy8qL2I1oMf6xu6SSpqncKEFzpjZIKzs3Y_lhKvdA4cRPMUpBEIDmgXxm5_e&maxResults=1
2024-04-28 08:29:26,518 INFO 494 Requested http://dev.virtualearth.net/REST/v1/Locations?q=%D0%9C%D0%B8%D0%BD%D1%81%D0%BA%2C+%D0%B1%D0%B5%D0%BB%D0%B0%D1%80%D1%83%D1%81%D1%8C&o=json&inclnb=1&key=AgY4Qy8qL2I1oMf6xu6SSpqncKEFzpjZIKzs3Y_lhKvdA4cRPMUpBEIDmgXxm5_e&maxResults=1
2024-04-28 08:29:27,259 INFO 494 Requested http://dev.virtualearth.net/REST/v1/Locations?q=%D0%93%D1%80%D0%BE%D0%B4%D0%BD%D0%BE%2C+%D0%B1%D0%B5%D0%BB%D0%B0%D1%80%D1%83%D1%81%D1%8C&o=json&inclnb=1&key=AgY4Qy8qL2I1oMf6xu6SSpqncKEFzpjZIKzs3Y_lhKvdA4cRPMUpBEIDmgXxm5_e&maxResults=1
2024-04-28 08:29:28,156 INFO 494 Requested http://dev.virtualearth.net/REST/v1/Locations?q=%D0%9C%D0%BE%D0%B3%D0%B8%D0%BB%D0%B5%D0%B2%2C+%D0%B1%D0%B5%D0%BB%D0%B0%D1%80%D1%83%D1%81%D1%8C&o=json&inclnb=1&key=AgY4Qy8qL2I1oMf6xu6SSpqncKEFzpjZIKzs3Y_lhKvdA4cRPMUpBEIDmgXxm5_e&maxResults=1
2024-04-28 08:29:28,844 INFO 494 Requested http://dev.virtualearth.net/REST/v1/Locations?q=%D0%92%D0%B8%D1%82%D0%B5%D0%B1%D1%81%D0%BA%2C+%D0%B1%D0%B5%D0%BB%D0%B0%D1%80%D1%83%D1%81%D1%8C&o=json&inclnb=1&key=AgY4Qy8qL2I1oMf6xu6SSpqncKEFzpjZIKzs3Y_lhKvdA4cRPMUpBEIDmgXxm5_e&maxResults=1
2024-04-28 08:29:47,059 INFO 9 lr | r2:[0.72 0.7 ], mae: [50029.61 49188.51]
2024-04-28 08:30:06,086 INFO 22 gs | r2:[0.79 0.75], mae: [41316.07 44184.13]
2024-04-28 08:31:44,682 INFO 22 gs | r2:[0.79 0.75], mae: [41316.07 44184.14]
2024-04-28 08:46:43,523 INFO 494 Requested http://dev.virtualearth.net/REST/v1/Locations?q=%D0%9C%D0%B8%D0%BD%D1%81%D0%BA%2C+%D0%B1%D0%B5%D0%BB%D0%B0%D1%80%D1%83%D1%81%D1%8C&o=json&inclnb=1&key=AgY4Qy8qL2I1oMf6xu6SSpqncKEFzpjZIKzs3Y_lhKvdA4cRPMUpBEIDmgXxm5_e&maxResults=1
2024-04-28 08:46:44,269 INFO 494 Requested http://dev.virtualearth.net/REST/v1/Locations?q=%D0%91%D1%80%D0%B5%D1%81%D1%82%2C+%D0%B1%D0%B5%D0%BB%D0%B0%D1%80%D1%83%D1%81%D1%8C&o=json&inclnb=1&key=AgY4Qy8qL2I1oMf6xu6SSpqncKEFzpjZIKzs3Y_lhKvdA4cRPMUpBEIDmgXxm5_e&maxResults=1
2024-04-28 08:46:44,972 INFO 494 Requested http://dev.virtualearth.net/REST/v1/Locations?q=%D0%93%D0%BE%D0%BC%D0%B5%D0%BB%D1%8C%2C+%D0%B1%D0%B5%D0%BB%D0%B0%D1%80%D1%83%D1%81%D1%8C&o=json&inclnb=1&key=AgY4Qy8qL2I1oMf6xu6SSpqncKEFzpjZIKzs3Y_lhKvdA4cRPMUpBEIDmgXxm5_e&maxResults=1
2024-04-28 08:46:45,880 INFO 494 Requested http://dev.virtualearth.net/REST/v1/Locations?q=%D0%92%D0%B8%D1%82%D0%B5%D0%B1%D1%81%D0%BA%2C+%D0%B1%D0%B5%D0%BB%D0%B0%D1%80%D1%83%D1%81%D1%8C&o=json&inclnb=1&key=AgY4Qy8qL2I1oMf6xu6SSpqncKEFzpjZIKzs3Y_lhKvdA4cRPMUpBEIDmgXxm5_e&maxResults=1
2024-04-28 08:46:46,587 INFO 494 Requested http://dev.virtualearth.net/REST/v1/Locations?q=%D0%93%D1%80%D0%BE%D0%B4%D0%BD%D0%BE%2C+%D0%B1%D0%B5%D0%BB%D0%B0%D1%80%D1%83%D1%81%D1%8C&o=json&inclnb=1&key=AgY4Qy8qL2I1oMf6xu6SSpqncKEFzpjZIKzs3Y_lhKvdA4cRPMUpBEIDmgXxm5_e&maxResults=1
2024-04-28 08:46:47,619 INFO 494 Requested http://dev.virtualearth.net/REST/v1/Locations?q=%D0%9C%D0%BE%D0%B3%D0%B8%D0%BB%D0%B5%D0%B2%2C+%D0%B1%D0%B5%D0%BB%D0%B0%D1%80%D1%83%D1%81%D1%8C&o=json&inclnb=1&key=AgY4Qy8qL2I1oMf6xu6SSpqncKEFzpjZIKzs3Y_lhKvdA4cRPMUpBEIDmgXxm5_e&maxResults=1
2024-04-28 08:47:02,484 INFO 9 lr | r2:[0.71 0.72], mae: [55392.   53022.89]
2024-04-28 08:47:18,295 INFO 22 gs | r2:[0.78 0.74], mae: [46612.23 48614.58]
2024-04-28 08:47:33,931 INFO 494 Requested http://dev.virtualearth.net/REST/v1/Locations?q=%D0%93%D0%BE%D0%BC%D0%B5%D0%BB%D1%8C%2C+%D0%B1%D0%B5%D0%BB%D0%B0%D1%80%D1%83%D1%81%D1%8C&o=json&inclnb=1&key=AgY4Qy8qL2I1oMf6xu6SSpqncKEFzpjZIKzs3Y_lhKvdA4cRPMUpBEIDmgXxm5_e&maxResults=1
2024-04-28 08:47:34,929 INFO 494 Requested http://dev.virtualearth.net/REST/v1/Locations?q=%D0%91%D1%80%D0%B5%D1%81%D1%82%2C+%D0%B1%D0%B5%D0%BB%D0%B0%D1%80%D1%83%D1%81%D1%8C&o=json&inclnb=1&key=AgY4Qy8qL2I1oMf6xu6SSpqncKEFzpjZIKzs3Y_lhKvdA4cRPMUpBEIDmgXxm5_e&maxResults=1
2024-04-28 08:47:35,952 INFO 494 Requested http://dev.virtualearth.net/REST/v1/Locations?q=%D0%9C%D0%B8%D0%BD%D1%81%D0%BA%2C+%D0%B1%D0%B5%D0%BB%D0%B0%D1%80%D1%83%D1%81%D1%8C&o=json&inclnb=1&key=AgY4Qy8qL2I1oMf6xu6SSpqncKEFzpjZIKzs3Y_lhKvdA4cRPMUpBEIDmgXxm5_e&maxResults=1
2024-04-28 08:47:36,683 INFO 494 Requested http://dev.virtualearth.net/REST/v1/Locations?q=%D0%93%D1%80%D0%BE%D0%B4%D0%BD%D0%BE%2C+%D0%B1%D0%B5%D0%BB%D0%B0%D1%80%D1%83%D1%81%D1%8C&o=json&inclnb=1&key=AgY4Qy8qL2I1oMf6xu6SSpqncKEFzpjZIKzs3Y_lhKvdA4cRPMUpBEIDmgXxm5_e&maxResults=1
2024-04-28 08:47:37,496 INFO 494 Requested http://dev.virtualearth.net/REST/v1/Locations?q=%D0%9C%D0%BE%D0%B3%D0%B8%D0%BB%D0%B5%D0%B2%2C+%D0%B1%D0%B5%D0%BB%D0%B0%D1%80%D1%83%D1%81%D1%8C&o=json&inclnb=1&key=AgY4Qy8qL2I1oMf6xu6SSpqncKEFzpjZIKzs3Y_lhKvdA4cRPMUpBEIDmgXxm5_e&maxResults=1
2024-04-28 08:47:38,307 INFO 494 Requested http://dev.virtualearth.net/REST/v1/Locations?q=%D0%92%D0%B8%D1%82%D0%B5%D0%B1%D1%81%D0%BA%2C+%D0%B1%D0%B5%D0%BB%D0%B0%D1%80%D1%83%D1%81%D1%8C&o=json&inclnb=1&key=AgY4Qy8qL2I1oMf6xu6SSpqncKEFzpjZIKzs3Y_lhKvdA4cRPMUpBEIDmgXxm5_e&maxResults=1
2024-04-28 08:49:00,539 INFO 9 lr | r2:[0.57 0.52], mae: [17940.07 19343.04]
2024-04-28 08:50:26,346 INFO 494 Requested http://dev.virtualearth.net/REST/v1/Locations?q=%D0%93%D0%BE%D0%BC%D0%B5%D0%BB%D1%8C%2C+%D0%B1%D0%B5%D0%BB%D0%B0%D1%80%D1%83%D1%81%D1%8C&o=json&inclnb=1&key=AgY4Qy8qL2I1oMf6xu6SSpqncKEFzpjZIKzs3Y_lhKvdA4cRPMUpBEIDmgXxm5_e&maxResults=1
2024-04-28 08:50:27,041 INFO 494 Requested http://dev.virtualearth.net/REST/v1/Locations?q=%D0%91%D1%80%D0%B5%D1%81%D1%82%2C+%D0%B1%D0%B5%D0%BB%D0%B0%D1%80%D1%83%D1%81%D1%8C&o=json&inclnb=1&key=AgY4Qy8qL2I1oMf6xu6SSpqncKEFzpjZIKzs3Y_lhKvdA4cRPMUpBEIDmgXxm5_e&maxResults=1
2024-04-28 08:50:27,828 INFO 494 Requested http://dev.virtualearth.net/REST/v1/Locations?q=%D0%9C%D0%B8%D0%BD%D1%81%D0%BA%2C+%D0%B1%D0%B5%D0%BB%D0%B0%D1%80%D1%83%D1%81%D1%8C&o=json&inclnb=1&key=AgY4Qy8qL2I1oMf6xu6SSpqncKEFzpjZIKzs3Y_lhKvdA4cRPMUpBEIDmgXxm5_e&maxResults=1
2024-04-28 08:50:28,596 INFO 494 Requested http://dev.virtualearth.net/REST/v1/Locations?q=%D0%93%D1%80%D0%BE%D0%B4%D0%BD%D0%BE%2C+%D0%B1%D0%B5%D0%BB%D0%B0%D1%80%D1%83%D1%81%D1%8C&o=json&inclnb=1&key=AgY4Qy8qL2I1oMf6xu6SSpqncKEFzpjZIKzs3Y_lhKvdA4cRPMUpBEIDmgXxm5_e&maxResults=1
2024-04-28 08:50:29,315 INFO 494 Requested http://dev.virtualearth.net/REST/v1/Locations?q=%D0%9C%D0%BE%D0%B3%D0%B8%D0%BB%D0%B5%D0%B2%2C+%D0%B1%D0%B5%D0%BB%D0%B0%D1%80%D1%83%D1%81%D1%8C&o=json&inclnb=1&key=AgY4Qy8qL2I1oMf6xu6SSpqncKEFzpjZIKzs3Y_lhKvdA4cRPMUpBEIDmgXxm5_e&maxResults=1
2024-04-28 08:50:29,988 INFO 494 Requested http://dev.virtualearth.net/REST/v1/Locations?q=%D0%92%D0%B8%D1%82%D0%B5%D0%B1%D1%81%D0%BA%2C+%D0%B1%D0%B5%D0%BB%D0%B0%D1%80%D1%83%D1%81%D1%8C&o=json&inclnb=1&key=AgY4Qy8qL2I1oMf6xu6SSpqncKEFzpjZIKzs3Y_lhKvdA4cRPMUpBEIDmgXxm5_e&maxResults=1
2024-04-28 08:51:04,781 INFO 9 lr | r2:[0.58 0.52], mae: [17667.76 19571.95]
2024-04-28 08:51:22,177 INFO 22 gs | r2:[0.75 0.6 ], mae: [13915.48 17355.91]
2024-04-28 08:52:18,551 INFO 494 Requested http://dev.virtualearth.net/REST/v1/Locations?q=%D0%93%D0%BE%D0%BC%D0%B5%D0%BB%D1%8C%2C+%D0%B1%D0%B5%D0%BB%D0%B0%D1%80%D1%83%D1%81%D1%8C&o=json&inclnb=1&key=AgY4Qy8qL2I1oMf6xu6SSpqncKEFzpjZIKzs3Y_lhKvdA4cRPMUpBEIDmgXxm5_e&maxResults=1
2024-04-28 08:52:19,210 INFO 494 Requested http://dev.virtualearth.net/REST/v1/Locations?q=%D0%91%D1%80%D0%B5%D1%81%D1%82%2C+%D0%B1%D0%B5%D0%BB%D0%B0%D1%80%D1%83%D1%81%D1%8C&o=json&inclnb=1&key=AgY4Qy8qL2I1oMf6xu6SSpqncKEFzpjZIKzs3Y_lhKvdA4cRPMUpBEIDmgXxm5_e&maxResults=1
2024-04-28 08:52:20,009 INFO 494 Requested http://dev.virtualearth.net/REST/v1/Locations?q=%D0%9C%D0%B8%D0%BD%D1%81%D0%BA%2C+%D0%B1%D0%B5%D0%BB%D0%B0%D1%80%D1%83%D1%81%D1%8C&o=json&inclnb=1&key=AgY4Qy8qL2I1oMf6xu6SSpqncKEFzpjZIKzs3Y_lhKvdA4cRPMUpBEIDmgXxm5_e&maxResults=1
2024-04-28 08:52:20,951 INFO 494 Requested http://dev.virtualearth.net/REST/v1/Locations?q=%D0%93%D1%80%D0%BE%D0%B4%D0%BD%D0%BE%2C+%D0%B1%D0%B5%D0%BB%D0%B0%D1%80%D1%83%D1%81%D1%8C&o=json&inclnb=1&key=AgY4Qy8qL2I1oMf6xu6SSpqncKEFzpjZIKzs3Y_lhKvdA4cRPMUpBEIDmgXxm5_e&maxResults=1
2024-04-28 08:52:21,760 INFO 494 Requested http://dev.virtualearth.net/REST/v1/Locations?q=%D0%9C%D0%BE%D0%B3%D0%B8%D0%BB%D0%B5%D0%B2%2C+%D0%B1%D0%B5%D0%BB%D0%B0%D1%80%D1%83%D1%81%D1%8C&o=json&inclnb=1&key=AgY4Qy8qL2I1oMf6xu6SSpqncKEFzpjZIKzs3Y_lhKvdA4cRPMUpBEIDmgXxm5_e&maxResults=1
2024-04-28 08:52:22,570 INFO 494 Requested http://dev.virtualearth.net/REST/v1/Locations?q=%D0%92%D0%B8%D1%82%D0%B5%D0%B1%D1%81%D0%BA%2C+%D0%B1%D0%B5%D0%BB%D0%B0%D1%80%D1%83%D1%81%D1%8C&o=json&inclnb=1&key=AgY4Qy8qL2I1oMf6xu6SSpqncKEFzpjZIKzs3Y_lhKvdA4cRPMUpBEIDmgXxm5_e&maxResults=1
2024-04-28 08:55:17,868 INFO 9 lr | r2:[0.69 0.6 ], mae: [28380.12 28576.  ]
2024-04-28 08:55:30,637 INFO 22 gs | r2:[0.85 0.72], mae: [20779.4  23871.97]
2024-04-28 08:57:36,298 INFO 494 Requested http://dev.virtualearth.net/REST/v1/Locations?q=%D0%93%D0%BE%D0%BC%D0%B5%D0%BB%D1%8C%2C+%D0%B1%D0%B5%D0%BB%D0%B0%D1%80%D1%83%D1%81%D1%8C&o=json&inclnb=1&key=AgY4Qy8qL2I1oMf6xu6SSpqncKEFzpjZIKzs3Y_lhKvdA4cRPMUpBEIDmgXxm5_e&maxResults=1
2024-04-28 08:57:36,935 INFO 494 Requested http://dev.virtualearth.net/REST/v1/Locations?q=%D0%91%D1%80%D0%B5%D1%81%D1%82%2C+%D0%B1%D0%B5%D0%BB%D0%B0%D1%80%D1%83%D1%81%D1%8C&o=json&inclnb=1&key=AgY4Qy8qL2I1oMf6xu6SSpqncKEFzpjZIKzs3Y_lhKvdA4cRPMUpBEIDmgXxm5_e&maxResults=1
2024-04-28 08:57:37,645 INFO 494 Requested http://dev.virtualearth.net/REST/v1/Locations?q=%D0%9C%D0%B8%D0%BD%D1%81%D0%BA%2C+%D0%B1%D0%B5%D0%BB%D0%B0%D1%80%D1%83%D1%81%D1%8C&o=json&inclnb=1&key=AgY4Qy8qL2I1oMf6xu6SSpqncKEFzpjZIKzs3Y_lhKvdA4cRPMUpBEIDmgXxm5_e&maxResults=1
2024-04-28 08:57:38,461 INFO 494 Requested http://dev.virtualearth.net/REST/v1/Locations?q=%D0%93%D1%80%D0%BE%D0%B4%D0%BD%D0%BE%2C+%D0%B1%D0%B5%D0%BB%D0%B0%D1%80%D1%83%D1%81%D1%8C&o=json&inclnb=1&key=AgY4Qy8qL2I1oMf6xu6SSpqncKEFzpjZIKzs3Y_lhKvdA4cRPMUpBEIDmgXxm5_e&maxResults=1
2024-04-28 08:57:39,415 INFO 494 Requested http://dev.virtualearth.net/REST/v1/Locations?q=%D0%9C%D0%BE%D0%B3%D0%B8%D0%BB%D0%B5%D0%B2%2C+%D0%B1%D0%B5%D0%BB%D0%B0%D1%80%D1%83%D1%81%D1%8C&o=json&inclnb=1&key=AgY4Qy8qL2I1oMf6xu6SSpqncKEFzpjZIKzs3Y_lhKvdA4cRPMUpBEIDmgXxm5_e&maxResults=1
2024-04-28 08:57:40,403 INFO 494 Requested http://dev.virtualearth.net/REST/v1/Locations?q=%D0%92%D0%B8%D1%82%D0%B5%D0%B1%D1%81%D0%BA%2C+%D0%B1%D0%B5%D0%BB%D0%B0%D1%80%D1%83%D1%81%D1%8C&o=json&inclnb=1&key=AgY4Qy8qL2I1oMf6xu6SSpqncKEFzpjZIKzs3Y_lhKvdA4cRPMUpBEIDmgXxm5_e&maxResults=1
2024-04-28 08:58:18,396 INFO 9 lr | r2:[0.58 0.52], mae: [17667.76 19571.95]
2024-04-28 08:58:27,917 INFO 22 gs | r2:[0.75 0.6 ], mae: [13915.48 17355.91]
2024-04-28 08:59:00,482 INFO 494 Requested http://dev.virtualearth.net/REST/v1/Locations?q=%D0%93%D0%BE%D0%BC%D0%B5%D0%BB%D1%8C%2C+%D0%B1%D0%B5%D0%BB%D0%B0%D1%80%D1%83%D1%81%D1%8C&o=json&inclnb=1&key=AgY4Qy8qL2I1oMf6xu6SSpqncKEFzpjZIKzs3Y_lhKvdA4cRPMUpBEIDmgXxm5_e&maxResults=1
2024-04-28 08:59:01,201 INFO 494 Requested http://dev.virtualearth.net/REST/v1/Locations?q=%D0%91%D1%80%D0%B5%D1%81%D1%82%2C+%D0%B1%D0%B5%D0%BB%D0%B0%D1%80%D1%83%D1%81%D1%8C&o=json&inclnb=1&key=AgY4Qy8qL2I1oMf6xu6SSpqncKEFzpjZIKzs3Y_lhKvdA4cRPMUpBEIDmgXxm5_e&maxResults=1
2024-04-28 08:59:01,875 INFO 494 Requested http://dev.virtualearth.net/REST/v1/Locations?q=%D0%9C%D0%B8%D0%BD%D1%81%D0%BA%2C+%D0%B1%D0%B5%D0%BB%D0%B0%D1%80%D1%83%D1%81%D1%8C&o=json&inclnb=1&key=AgY4Qy8qL2I1oMf6xu6SSpqncKEFzpjZIKzs3Y_lhKvdA4cRPMUpBEIDmgXxm5_e&maxResults=1
2024-04-28 08:59:02,494 INFO 494 Requested http://dev.virtualearth.net/REST/v1/Locations?q=%D0%93%D1%80%D0%BE%D0%B4%D0%BD%D0%BE%2C+%D0%B1%D0%B5%D0%BB%D0%B0%D1%80%D1%83%D1%81%D1%8C&o=json&inclnb=1&key=AgY4Qy8qL2I1oMf6xu6SSpqncKEFzpjZIKzs3Y_lhKvdA4cRPMUpBEIDmgXxm5_e&maxResults=1
2024-04-28 08:59:03,270 INFO 494 Requested http://dev.virtualearth.net/REST/v1/Locations?q=%D0%9C%D0%BE%D0%B3%D0%B8%D0%BB%D0%B5%D0%B2%2C+%D0%B1%D0%B5%D0%BB%D0%B0%D1%80%D1%83%D1%81%D1%8C&o=json&inclnb=1&key=AgY4Qy8qL2I1oMf6xu6SSpqncKEFzpjZIKzs3Y_lhKvdA4cRPMUpBEIDmgXxm5_e&maxResults=1
2024-04-28 08:59:03,991 INFO 494 Requested http://dev.virtualearth.net/REST/v1/Locations?q=%D0%92%D0%B8%D1%82%D0%B5%D0%B1%D1%81%D0%BA%2C+%D0%B1%D0%B5%D0%BB%D0%B0%D1%80%D1%83%D1%81%D1%8C&o=json&inclnb=1&key=AgY4Qy8qL2I1oMf6xu6SSpqncKEFzpjZIKzs3Y_lhKvdA4cRPMUpBEIDmgXxm5_e&maxResults=1
2024-04-28 08:59:29,463 INFO 9 lr | r2:[0.57 0.52], mae: [17940.07 19343.04]
2024-04-28 08:59:38,712 INFO 22 gs | r2:[0.73 0.61], mae: [14447.8  17184.42]
2024-04-28 10:29:39,810 INFO 494 Requested http://dev.virtualearth.net/REST/v1/Locations?q=%D0%93%D0%BE%D0%BC%D0%B5%D0%BB%D1%8C%2C+%D0%B1%D0%B5%D0%BB%D0%B0%D1%80%D1%83%D1%81%D1%8C&o=json&inclnb=1&key=AgY4Qy8qL2I1oMf6xu6SSpqncKEFzpjZIKzs3Y_lhKvdA4cRPMUpBEIDmgXxm5_e&maxResults=1
2024-04-28 10:29:40,527 INFO 494 Requested http://dev.virtualearth.net/REST/v1/Locations?q=%D0%91%D1%80%D0%B5%D1%81%D1%82%2C+%D0%B1%D0%B5%D0%BB%D0%B0%D1%80%D1%83%D1%81%D1%8C&o=json&inclnb=1&key=AgY4Qy8qL2I1oMf6xu6SSpqncKEFzpjZIKzs3Y_lhKvdA4cRPMUpBEIDmgXxm5_e&maxResults=1
2024-04-28 10:29:41,226 INFO 494 Requested http://dev.virtualearth.net/REST/v1/Locations?q=%D0%9C%D0%B8%D0%BD%D1%81%D0%BA%2C+%D0%B1%D0%B5%D0%BB%D0%B0%D1%80%D1%83%D1%81%D1%8C&o=json&inclnb=1&key=AgY4Qy8qL2I1oMf6xu6SSpqncKEFzpjZIKzs3Y_lhKvdA4cRPMUpBEIDmgXxm5_e&maxResults=1
2024-04-28 10:29:41,954 INFO 494 Requested http://dev.virtualearth.net/REST/v1/Locations?q=%D0%93%D1%80%D0%BE%D0%B4%D0%BD%D0%BE%2C+%D0%B1%D0%B5%D0%BB%D0%B0%D1%80%D1%83%D1%81%D1%8C&o=json&inclnb=1&key=AgY4Qy8qL2I1oMf6xu6SSpqncKEFzpjZIKzs3Y_lhKvdA4cRPMUpBEIDmgXxm5_e&maxResults=1
2024-04-28 10:29:42,599 INFO 494 Requested http://dev.virtualearth.net/REST/v1/Locations?q=%D0%9C%D0%BE%D0%B3%D0%B8%D0%BB%D0%B5%D0%B2%2C+%D0%B1%D0%B5%D0%BB%D0%B0%D1%80%D1%83%D1%81%D1%8C&o=json&inclnb=1&key=AgY4Qy8qL2I1oMf6xu6SSpqncKEFzpjZIKzs3Y_lhKvdA4cRPMUpBEIDmgXxm5_e&maxResults=1
2024-04-28 10:29:43,305 INFO 494 Requested http://dev.virtualearth.net/REST/v1/Locations?q=%D0%92%D0%B8%D1%82%D0%B5%D0%B1%D1%81%D0%BA%2C+%D0%B1%D0%B5%D0%BB%D0%B0%D1%80%D1%83%D1%81%D1%8C&o=json&inclnb=1&key=AgY4Qy8qL2I1oMf6xu6SSpqncKEFzpjZIKzs3Y_lhKvdA4cRPMUpBEIDmgXxm5_e&maxResults=1
2024-04-28 10:36:11,246 INFO 494 Requested http://dev.virtualearth.net/REST/v1/Locations?q=%D0%93%D0%BE%D0%BC%D0%B5%D0%BB%D1%8C%2C+%D0%B1%D0%B5%D0%BB%D0%B0%D1%80%D1%83%D1%81%D1%8C&o=json&inclnb=1&key=AgY4Qy8qL2I1oMf6xu6SSpqncKEFzpjZIKzs3Y_lhKvdA4cRPMUpBEIDmgXxm5_e&maxResults=1
2024-04-28 10:36:11,983 INFO 494 Requested http://dev.virtualearth.net/REST/v1/Locations?q=%D0%91%D1%80%D0%B5%D1%81%D1%82%2C+%D0%B1%D0%B5%D0%BB%D0%B0%D1%80%D1%83%D1%81%D1%8C&o=json&inclnb=1&key=AgY4Qy8qL2I1oMf6xu6SSpqncKEFzpjZIKzs3Y_lhKvdA4cRPMUpBEIDmgXxm5_e&maxResults=1
2024-04-28 10:36:12,795 INFO 494 Requested http://dev.virtualearth.net/REST/v1/Locations?q=%D0%9C%D0%B8%D0%BD%D1%81%D0%BA%2C+%D0%B1%D0%B5%D0%BB%D0%B0%D1%80%D1%83%D1%81%D1%8C&o=json&inclnb=1&key=AgY4Qy8qL2I1oMf6xu6SSpqncKEFzpjZIKzs3Y_lhKvdA4cRPMUpBEIDmgXxm5_e&maxResults=1
2024-04-28 10:36:13,519 INFO 494 Requested http://dev.virtualearth.net/REST/v1/Locations?q=%D0%93%D1%80%D0%BE%D0%B4%D0%BD%D0%BE%2C+%D0%B1%D0%B5%D0%BB%D0%B0%D1%80%D1%83%D1%81%D1%8C&o=json&inclnb=1&key=AgY4Qy8qL2I1oMf6xu6SSpqncKEFzpjZIKzs3Y_lhKvdA4cRPMUpBEIDmgXxm5_e&maxResults=1
2024-04-28 10:36:14,238 INFO 494 Requested http://dev.virtualearth.net/REST/v1/Locations?q=%D0%9C%D0%BE%D0%B3%D0%B8%D0%BB%D0%B5%D0%B2%2C+%D0%B1%D0%B5%D0%BB%D0%B0%D1%80%D1%83%D1%81%D1%8C&o=json&inclnb=1&key=AgY4Qy8qL2I1oMf6xu6SSpqncKEFzpjZIKzs3Y_lhKvdA4cRPMUpBEIDmgXxm5_e&maxResults=1
2024-04-28 10:36:15,259 INFO 494 Requested http://dev.virtualearth.net/REST/v1/Locations?q=%D0%92%D0%B8%D1%82%D0%B5%D0%B1%D1%81%D0%BA%2C+%D0%B1%D0%B5%D0%BB%D0%B0%D1%80%D1%83%D1%81%D1%8C&o=json&inclnb=1&key=AgY4Qy8qL2I1oMf6xu6SSpqncKEFzpjZIKzs3Y_lhKvdA4cRPMUpBEIDmgXxm5_e&maxResults=1
2024-04-28 10:38:24,276 INFO 494 Requested http://dev.virtualearth.net/REST/v1/Locations?q=%D0%93%D0%BE%D0%BC%D0%B5%D0%BB%D1%8C%2C+%D0%B1%D0%B5%D0%BB%D0%B0%D1%80%D1%83%D1%81%D1%8C&o=json&inclnb=1&key=AgY4Qy8qL2I1oMf6xu6SSpqncKEFzpjZIKzs3Y_lhKvdA4cRPMUpBEIDmgXxm5_e&maxResults=1
2024-04-28 10:38:25,096 INFO 494 Requested http://dev.virtualearth.net/REST/v1/Locations?q=%D0%91%D1%80%D0%B5%D1%81%D1%82%2C+%D0%B1%D0%B5%D0%BB%D0%B0%D1%80%D1%83%D1%81%D1%8C&o=json&inclnb=1&key=AgY4Qy8qL2I1oMf6xu6SSpqncKEFzpjZIKzs3Y_lhKvdA4cRPMUpBEIDmgXxm5_e&maxResults=1
2024-04-28 10:38:25,779 INFO 494 Requested http://dev.virtualearth.net/REST/v1/Locations?q=%D0%9C%D0%B8%D0%BD%D1%81%D0%BA%2C+%D0%B1%D0%B5%D0%BB%D0%B0%D1%80%D1%83%D1%81%D1%8C&o=json&inclnb=1&key=AgY4Qy8qL2I1oMf6xu6SSpqncKEFzpjZIKzs3Y_lhKvdA4cRPMUpBEIDmgXxm5_e&maxResults=1
2024-04-28 10:38:26,517 INFO 494 Requested http://dev.virtualearth.net/REST/v1/Locations?q=%D0%93%D1%80%D0%BE%D0%B4%D0%BD%D0%BE%2C+%D0%B1%D0%B5%D0%BB%D0%B0%D1%80%D1%83%D1%81%D1%8C&o=json&inclnb=1&key=AgY4Qy8qL2I1oMf6xu6SSpqncKEFzpjZIKzs3Y_lhKvdA4cRPMUpBEIDmgXxm5_e&maxResults=1
2024-04-28 10:38:27,239 INFO 494 Requested http://dev.virtualearth.net/REST/v1/Locations?q=%D0%9C%D0%BE%D0%B3%D0%B8%D0%BB%D0%B5%D0%B2%2C+%D0%B1%D0%B5%D0%BB%D0%B0%D1%80%D1%83%D1%81%D1%8C&o=json&inclnb=1&key=AgY4Qy8qL2I1oMf6xu6SSpqncKEFzpjZIKzs3Y_lhKvdA4cRPMUpBEIDmgXxm5_e&maxResults=1
2024-04-28 10:38:28,065 INFO 494 Requested http://dev.virtualearth.net/REST/v1/Locations?q=%D0%92%D0%B8%D1%82%D0%B5%D0%B1%D1%81%D0%BA%2C+%D0%B1%D0%B5%D0%BB%D0%B0%D1%80%D1%83%D1%81%D1%8C&o=json&inclnb=1&key=AgY4Qy8qL2I1oMf6xu6SSpqncKEFzpjZIKzs3Y_lhKvdA4cRPMUpBEIDmgXxm5_e&maxResults=1
2024-04-28 10:38:47,059 INFO 9 lr | r2:[0.72 0.71], mae: [51517.28 53305.96]
2024-04-28 10:39:07,088 INFO 22 gs | r2:[0.79 0.75], mae: [42596.27 46771.16]
2024-04-28 10:43:11,650 INFO 494 Requested http://dev.virtualearth.net/REST/v1/Locations?q=%D0%93%D0%BE%D0%BC%D0%B5%D0%BB%D1%8C%2C+%D0%B1%D0%B5%D0%BB%D0%B0%D1%80%D1%83%D1%81%D1%8C&o=json&inclnb=1&key=AgY4Qy8qL2I1oMf6xu6SSpqncKEFzpjZIKzs3Y_lhKvdA4cRPMUpBEIDmgXxm5_e&maxResults=1
2024-04-28 10:43:12,776 INFO 494 Requested http://dev.virtualearth.net/REST/v1/Locations?q=%D0%91%D1%80%D0%B5%D1%81%D1%82%2C+%D0%B1%D0%B5%D0%BB%D0%B0%D1%80%D1%83%D1%81%D1%8C&o=json&inclnb=1&key=AgY4Qy8qL2I1oMf6xu6SSpqncKEFzpjZIKzs3Y_lhKvdA4cRPMUpBEIDmgXxm5_e&maxResults=1
2024-04-28 10:43:13,801 INFO 494 Requested http://dev.virtualearth.net/REST/v1/Locations?q=%D0%9C%D0%B8%D0%BD%D1%81%D0%BA%2C+%D0%B1%D0%B5%D0%BB%D0%B0%D1%80%D1%83%D1%81%D1%8C&o=json&inclnb=1&key=AgY4Qy8qL2I1oMf6xu6SSpqncKEFzpjZIKzs3Y_lhKvdA4cRPMUpBEIDmgXxm5_e&maxResults=1
2024-04-28 10:43:14,738 INFO 494 Requested http://dev.virtualearth.net/REST/v1/Locations?q=%D0%93%D1%80%D0%BE%D0%B4%D0%BD%D0%BE%2C+%D0%B1%D0%B5%D0%BB%D0%B0%D1%80%D1%83%D1%81%D1%8C&o=json&inclnb=1&key=AgY4Qy8qL2I1oMf6xu6SSpqncKEFzpjZIKzs3Y_lhKvdA4cRPMUpBEIDmgXxm5_e&maxResults=1
2024-04-28 10:43:15,666 INFO 494 Requested http://dev.virtualearth.net/REST/v1/Locations?q=%D0%9C%D0%BE%D0%B3%D0%B8%D0%BB%D0%B5%D0%B2%2C+%D0%B1%D0%B5%D0%BB%D0%B0%D1%80%D1%83%D1%81%D1%8C&o=json&inclnb=1&key=AgY4Qy8qL2I1oMf6xu6SSpqncKEFzpjZIKzs3Y_lhKvdA4cRPMUpBEIDmgXxm5_e&maxResults=1
2024-04-28 10:43:16,873 INFO 494 Requested http://dev.virtualearth.net/REST/v1/Locations?q=%D0%92%D0%B8%D1%82%D0%B5%D0%B1%D1%81%D0%BA%2C+%D0%B1%D0%B5%D0%BB%D0%B0%D1%80%D1%83%D1%81%D1%8C&o=json&inclnb=1&key=AgY4Qy8qL2I1oMf6xu6SSpqncKEFzpjZIKzs3Y_lhKvdA4cRPMUpBEIDmgXxm5_e&maxResults=1
2024-04-28 10:43:35,932 INFO 9 lr | r2:[0.72 0.71], mae: [51517.28 53305.96]
2024-04-28 10:43:55,347 INFO 22 gs | r2:[0.79 0.75], mae: [42596.27 46771.16]
2024-04-28 10:47:27,217 INFO 494 Requested http://dev.virtualearth.net/REST/v1/Locations?q=%D0%93%D0%BE%D0%BC%D0%B5%D0%BB%D1%8C%2C+%D0%B1%D0%B5%D0%BB%D0%B0%D1%80%D1%83%D1%81%D1%8C&o=json&inclnb=1&key=AgY4Qy8qL2I1oMf6xu6SSpqncKEFzpjZIKzs3Y_lhKvdA4cRPMUpBEIDmgXxm5_e&maxResults=1
2024-04-28 10:47:28,022 INFO 494 Requested http://dev.virtualearth.net/REST/v1/Locations?q=%D0%91%D1%80%D0%B5%D1%81%D1%82%2C+%D0%B1%D0%B5%D0%BB%D0%B0%D1%80%D1%83%D1%81%D1%8C&o=json&inclnb=1&key=AgY4Qy8qL2I1oMf6xu6SSpqncKEFzpjZIKzs3Y_lhKvdA4cRPMUpBEIDmgXxm5_e&maxResults=1
2024-04-28 10:47:29,305 INFO 494 Requested http://dev.virtualearth.net/REST/v1/Locations?q=%D0%9C%D0%B8%D0%BD%D1%81%D0%BA%2C+%D0%B1%D0%B5%D0%BB%D0%B0%D1%80%D1%83%D1%81%D1%8C&o=json&inclnb=1&key=AgY4Qy8qL2I1oMf6xu6SSpqncKEFzpjZIKzs3Y_lhKvdA4cRPMUpBEIDmgXxm5_e&maxResults=1
2024-04-28 10:47:30,125 INFO 494 Requested http://dev.virtualearth.net/REST/v1/Locations?q=%D0%93%D1%80%D0%BE%D0%B4%D0%BD%D0%BE%2C+%D0%B1%D0%B5%D0%BB%D0%B0%D1%80%D1%83%D1%81%D1%8C&o=json&inclnb=1&key=AgY4Qy8qL2I1oMf6xu6SSpqncKEFzpjZIKzs3Y_lhKvdA4cRPMUpBEIDmgXxm5_e&maxResults=1
2024-04-28 10:47:30,919 INFO 494 Requested http://dev.virtualearth.net/REST/v1/Locations?q=%D0%9C%D0%BE%D0%B3%D0%B8%D0%BB%D0%B5%D0%B2%2C+%D0%B1%D0%B5%D0%BB%D0%B0%D1%80%D1%83%D1%81%D1%8C&o=json&inclnb=1&key=AgY4Qy8qL2I1oMf6xu6SSpqncKEFzpjZIKzs3Y_lhKvdA4cRPMUpBEIDmgXxm5_e&maxResults=1
2024-04-28 10:47:31,795 INFO 494 Requested http://dev.virtualearth.net/REST/v1/Locations?q=%D0%92%D0%B8%D1%82%D0%B5%D0%B1%D1%81%D0%BA%2C+%D0%B1%D0%B5%D0%BB%D0%B0%D1%80%D1%83%D1%81%D1%8C&o=json&inclnb=1&key=AgY4Qy8qL2I1oMf6xu6SSpqncKEFzpjZIKzs3Y_lhKvdA4cRPMUpBEIDmgXxm5_e&maxResults=1
2024-04-28 10:47:51,598 INFO 9 lr | r2:[0.72 0.71], mae: [51241.09 52959.02]
2024-04-28 10:48:17,457 INFO 22 gs | r2:[0.8  0.76], mae: [41783.93 45872.66]
2024-04-28 10:49:27,941 INFO 494 Requested http://dev.virtualearth.net/REST/v1/Locations?q=%D0%93%D0%BE%D0%BC%D0%B5%D0%BB%D1%8C%2C+%D0%B1%D0%B5%D0%BB%D0%B0%D1%80%D1%83%D1%81%D1%8C&o=json&inclnb=1&key=AgY4Qy8qL2I1oMf6xu6SSpqncKEFzpjZIKzs3Y_lhKvdA4cRPMUpBEIDmgXxm5_e&maxResults=1
2024-04-28 10:49:28,607 INFO 494 Requested http://dev.virtualearth.net/REST/v1/Locations?q=%D0%91%D1%80%D0%B5%D1%81%D1%82%2C+%D0%B1%D0%B5%D0%BB%D0%B0%D1%80%D1%83%D1%81%D1%8C&o=json&inclnb=1&key=AgY4Qy8qL2I1oMf6xu6SSpqncKEFzpjZIKzs3Y_lhKvdA4cRPMUpBEIDmgXxm5_e&maxResults=1
2024-04-28 10:49:29,307 INFO 494 Requested http://dev.virtualearth.net/REST/v1/Locations?q=%D0%9C%D0%B8%D0%BD%D1%81%D0%BA%2C+%D0%B1%D0%B5%D0%BB%D0%B0%D1%80%D1%83%D1%81%D1%8C&o=json&inclnb=1&key=AgY4Qy8qL2I1oMf6xu6SSpqncKEFzpjZIKzs3Y_lhKvdA4cRPMUpBEIDmgXxm5_e&maxResults=1
2024-04-28 10:49:30,033 INFO 494 Requested http://dev.virtualearth.net/REST/v1/Locations?q=%D0%93%D1%80%D0%BE%D0%B4%D0%BD%D0%BE%2C+%D0%B1%D0%B5%D0%BB%D0%B0%D1%80%D1%83%D1%81%D1%8C&o=json&inclnb=1&key=AgY4Qy8qL2I1oMf6xu6SSpqncKEFzpjZIKzs3Y_lhKvdA4cRPMUpBEIDmgXxm5_e&maxResults=1
2024-04-28 10:49:30,664 INFO 494 Requested http://dev.virtualearth.net/REST/v1/Locations?q=%D0%9C%D0%BE%D0%B3%D0%B8%D0%BB%D0%B5%D0%B2%2C+%D0%B1%D0%B5%D0%BB%D0%B0%D1%80%D1%83%D1%81%D1%8C&o=json&inclnb=1&key=AgY4Qy8qL2I1oMf6xu6SSpqncKEFzpjZIKzs3Y_lhKvdA4cRPMUpBEIDmgXxm5_e&maxResults=1
2024-04-28 10:49:31,320 INFO 494 Requested http://dev.virtualearth.net/REST/v1/Locations?q=%D0%92%D0%B8%D1%82%D0%B5%D0%B1%D1%81%D0%BA%2C+%D0%B1%D0%B5%D0%BB%D0%B0%D1%80%D1%83%D1%81%D1%8C&o=json&inclnb=1&key=AgY4Qy8qL2I1oMf6xu6SSpqncKEFzpjZIKzs3Y_lhKvdA4cRPMUpBEIDmgXxm5_e&maxResults=1
2024-04-28 10:49:49,954 INFO 9 lr | r2:[0.68 0.68], mae: [63694.69 63306.47]
2024-04-28 10:50:17,119 INFO 22 gs | r2:[0.78 0.73], mae: [50303.53 54283.6 ]
2024-04-28 10:52:30,748 INFO 494 Requested http://dev.virtualearth.net/REST/v1/Locations?q=%D0%93%D0%BE%D0%BC%D0%B5%D0%BB%D1%8C%2C+%D0%B1%D0%B5%D0%BB%D0%B0%D1%80%D1%83%D1%81%D1%8C&o=json&inclnb=1&key=AgY4Qy8qL2I1oMf6xu6SSpqncKEFzpjZIKzs3Y_lhKvdA4cRPMUpBEIDmgXxm5_e&maxResults=1
2024-04-28 10:52:41,987 INFO 494 Requested http://dev.virtualearth.net/REST/v1/Locations?q=%D0%91%D1%80%D0%B5%D1%81%D1%82%2C+%D0%B1%D0%B5%D0%BB%D0%B0%D1%80%D1%83%D1%81%D1%8C&o=json&inclnb=1&key=AgY4Qy8qL2I1oMf6xu6SSpqncKEFzpjZIKzs3Y_lhKvdA4cRPMUpBEIDmgXxm5_e&maxResults=1
2024-04-28 10:52:42,775 INFO 494 Requested http://dev.virtualearth.net/REST/v1/Locations?q=%D0%9C%D0%B8%D0%BD%D1%81%D0%BA%2C+%D0%B1%D0%B5%D0%BB%D0%B0%D1%80%D1%83%D1%81%D1%8C&o=json&inclnb=1&key=AgY4Qy8qL2I1oMf6xu6SSpqncKEFzpjZIKzs3Y_lhKvdA4cRPMUpBEIDmgXxm5_e&maxResults=1
2024-04-28 10:52:43,648 INFO 494 Requested http://dev.virtualearth.net/REST/v1/Locations?q=%D0%93%D1%80%D0%BE%D0%B4%D0%BD%D0%BE%2C+%D0%B1%D0%B5%D0%BB%D0%B0%D1%80%D1%83%D1%81%D1%8C&o=json&inclnb=1&key=AgY4Qy8qL2I1oMf6xu6SSpqncKEFzpjZIKzs3Y_lhKvdA4cRPMUpBEIDmgXxm5_e&maxResults=1
2024-04-28 10:52:44,548 INFO 494 Requested http://dev.virtualearth.net/REST/v1/Locations?q=%D0%9C%D0%BE%D0%B3%D0%B8%D0%BB%D0%B5%D0%B2%2C+%D0%B1%D0%B5%D0%BB%D0%B0%D1%80%D1%83%D1%81%D1%8C&o=json&inclnb=1&key=AgY4Qy8qL2I1oMf6xu6SSpqncKEFzpjZIKzs3Y_lhKvdA4cRPMUpBEIDmgXxm5_e&maxResults=1
2024-04-28 10:52:45,299 INFO 494 Requested http://dev.virtualearth.net/REST/v1/Locations?q=%D0%92%D0%B8%D1%82%D0%B5%D0%B1%D1%81%D0%BA%2C+%D0%B1%D0%B5%D0%BB%D0%B0%D1%80%D1%83%D1%81%D1%8C&o=json&inclnb=1&key=AgY4Qy8qL2I1oMf6xu6SSpqncKEFzpjZIKzs3Y_lhKvdA4cRPMUpBEIDmgXxm5_e&maxResults=1
2024-04-28 10:53:04,603 INFO 9 lr | r2:[0.72 0.73], mae: [51595.06 51525.14]
2024-04-28 10:53:30,131 INFO 22 gs | r2:[0.8  0.78], mae: [41619.21 43566.93]
2024-04-28 10:54:35,012 INFO 494 Requested http://dev.virtualearth.net/REST/v1/Locations?q=%D0%93%D0%BE%D0%BC%D0%B5%D0%BB%D1%8C%2C+%D0%B1%D0%B5%D0%BB%D0%B0%D1%80%D1%83%D1%81%D1%8C&o=json&inclnb=1&key=AgY4Qy8qL2I1oMf6xu6SSpqncKEFzpjZIKzs3Y_lhKvdA4cRPMUpBEIDmgXxm5_e&maxResults=1
2024-04-28 10:54:35,971 INFO 494 Requested http://dev.virtualearth.net/REST/v1/Locations?q=%D0%91%D1%80%D0%B5%D1%81%D1%82%2C+%D0%B1%D0%B5%D0%BB%D0%B0%D1%80%D1%83%D1%81%D1%8C&o=json&inclnb=1&key=AgY4Qy8qL2I1oMf6xu6SSpqncKEFzpjZIKzs3Y_lhKvdA4cRPMUpBEIDmgXxm5_e&maxResults=1
2024-04-28 10:54:36,960 INFO 494 Requested http://dev.virtualearth.net/REST/v1/Locations?q=%D0%9C%D0%B8%D0%BD%D1%81%D0%BA%2C+%D0%B1%D0%B5%D0%BB%D0%B0%D1%80%D1%83%D1%81%D1%8C&o=json&inclnb=1&key=AgY4Qy8qL2I1oMf6xu6SSpqncKEFzpjZIKzs3Y_lhKvdA4cRPMUpBEIDmgXxm5_e&maxResults=1
2024-04-28 10:54:37,576 INFO 494 Requested http://dev.virtualearth.net/REST/v1/Locations?q=%D0%93%D1%80%D0%BE%D0%B4%D0%BD%D0%BE%2C+%D0%B1%D0%B5%D0%BB%D0%B0%D1%80%D1%83%D1%81%D1%8C&o=json&inclnb=1&key=AgY4Qy8qL2I1oMf6xu6SSpqncKEFzpjZIKzs3Y_lhKvdA4cRPMUpBEIDmgXxm5_e&maxResults=1
2024-04-28 10:54:38,510 INFO 494 Requested http://dev.virtualearth.net/REST/v1/Locations?q=%D0%9C%D0%BE%D0%B3%D0%B8%D0%BB%D0%B5%D0%B2%2C+%D0%B1%D0%B5%D0%BB%D0%B0%D1%80%D1%83%D1%81%D1%8C&o=json&inclnb=1&key=AgY4Qy8qL2I1oMf6xu6SSpqncKEFzpjZIKzs3Y_lhKvdA4cRPMUpBEIDmgXxm5_e&maxResults=1
2024-04-28 10:54:39,378 INFO 494 Requested http://dev.virtualearth.net/REST/v1/Locations?q=%D0%92%D0%B8%D1%82%D0%B5%D0%B1%D1%81%D0%BA%2C+%D0%B1%D0%B5%D0%BB%D0%B0%D1%80%D1%83%D1%81%D1%8C&o=json&inclnb=1&key=AgY4Qy8qL2I1oMf6xu6SSpqncKEFzpjZIKzs3Y_lhKvdA4cRPMUpBEIDmgXxm5_e&maxResults=1
2024-04-28 10:54:56,699 INFO 9 lr | r2:[0.72 0.73], mae: [51908.68 51913.04]
2024-04-28 10:55:20,288 INFO 22 gs | r2:[0.8  0.78], mae: [41732.59 43904.81]
2024-04-28 11:15:04,879 INFO 21 gs | r2:[0.75 0.74], mae: [41788.21 44113.69]
2024-04-28 11:16:44,290 INFO 21 gs | r2:[-0.19 -0.19], mae: [96893.34 97228.58]
2024-04-28 11:20:17,018 INFO 21 gs_iso | r2:[0.79 0.77], mae: [42199.37 44142.13]
2024-04-28 11:23:42,064 INFO 11 rfr | r2:[0.88 0.76], mae: [26689.92 43117.62]
2024-04-28 11:24:39,370 INFO 11 rfr | r2:[0.91 0.78], mae: [26563.31 43110.45]
2024-04-28 11:28:10,162 INFO 494 Requested http://dev.virtualearth.net/REST/v1/Locations?q=%D0%93%D0%BE%D0%BC%D0%B5%D0%BB%D1%8C%2C+%D0%B1%D0%B5%D0%BB%D0%B0%D1%80%D1%83%D1%81%D1%8C&o=json&inclnb=1&key=AgY4Qy8qL2I1oMf6xu6SSpqncKEFzpjZIKzs3Y_lhKvdA4cRPMUpBEIDmgXxm5_e&maxResults=1
2024-04-28 11:28:10,841 INFO 494 Requested http://dev.virtualearth.net/REST/v1/Locations?q=%D0%91%D1%80%D0%B5%D1%81%D1%82%2C+%D0%B1%D0%B5%D0%BB%D0%B0%D1%80%D1%83%D1%81%D1%8C&o=json&inclnb=1&key=AgY4Qy8qL2I1oMf6xu6SSpqncKEFzpjZIKzs3Y_lhKvdA4cRPMUpBEIDmgXxm5_e&maxResults=1
2024-04-28 11:28:11,551 INFO 494 Requested http://dev.virtualearth.net/REST/v1/Locations?q=%D0%9C%D0%B8%D0%BD%D1%81%D0%BA%2C+%D0%B1%D0%B5%D0%BB%D0%B0%D1%80%D1%83%D1%81%D1%8C&o=json&inclnb=1&key=AgY4Qy8qL2I1oMf6xu6SSpqncKEFzpjZIKzs3Y_lhKvdA4cRPMUpBEIDmgXxm5_e&maxResults=1
2024-04-28 11:28:12,142 INFO 494 Requested http://dev.virtualearth.net/REST/v1/Locations?q=%D0%93%D1%80%D0%BE%D0%B4%D0%BD%D0%BE%2C+%D0%B1%D0%B5%D0%BB%D0%B0%D1%80%D1%83%D1%81%D1%8C&o=json&inclnb=1&key=AgY4Qy8qL2I1oMf6xu6SSpqncKEFzpjZIKzs3Y_lhKvdA4cRPMUpBEIDmgXxm5_e&maxResults=1
2024-04-28 11:28:12,778 INFO 494 Requested http://dev.virtualearth.net/REST/v1/Locations?q=%D0%9C%D0%BE%D0%B3%D0%B8%D0%BB%D0%B5%D0%B2%2C+%D0%B1%D0%B5%D0%BB%D0%B0%D1%80%D1%83%D1%81%D1%8C&o=json&inclnb=1&key=AgY4Qy8qL2I1oMf6xu6SSpqncKEFzpjZIKzs3Y_lhKvdA4cRPMUpBEIDmgXxm5_e&maxResults=1
2024-04-28 11:28:13,519 INFO 494 Requested http://dev.virtualearth.net/REST/v1/Locations?q=%D0%92%D0%B8%D1%82%D0%B5%D0%B1%D1%81%D0%BA%2C+%D0%B1%D0%B5%D0%BB%D0%B0%D1%80%D1%83%D1%81%D1%8C&o=json&inclnb=1&key=AgY4Qy8qL2I1oMf6xu6SSpqncKEFzpjZIKzs3Y_lhKvdA4cRPMUpBEIDmgXxm5_e&maxResults=1
2024-04-28 11:28:30,605 INFO 9 lr | r2:[0.72 0.73], mae: [51595.06 51525.14]
2024-04-28 11:28:55,930 INFO 22 gs | r2:[0.8  0.78], mae: [41619.21 43566.93]
2024-04-28 11:29:18,682 INFO 21 gs_iso | r2:[0.79 0.78], mae: [41890.38 43557.5 ]
2024-04-28 11:31:01,527 INFO 11 rfr | r2:[0.95 0.79], mae: [20308.81 42447.92]
2024-04-28 11:42:09,689 INFO 22 _gs_imp | r2:[0.79 0.77], mae: [42597.11 44241.64]
2024-04-28 11:50:08,331 INFO 22 gs_kbest | r2:[0.78 0.77], mae: [43311.88 44371.31]
2024-04-28 11:51:38,347 INFO 494 Requested http://dev.virtualearth.net/REST/v1/Locations?q=%D0%93%D0%BE%D0%BC%D0%B5%D0%BB%D1%8C%2C+%D0%B1%D0%B5%D0%BB%D0%B0%D1%80%D1%83%D1%81%D1%8C&o=json&inclnb=1&key=AgY4Qy8qL2I1oMf6xu6SSpqncKEFzpjZIKzs3Y_lhKvdA4cRPMUpBEIDmgXxm5_e&maxResults=1
2024-04-28 11:51:39,149 INFO 494 Requested http://dev.virtualearth.net/REST/v1/Locations?q=%D0%91%D1%80%D0%B5%D1%81%D1%82%2C+%D0%B1%D0%B5%D0%BB%D0%B0%D1%80%D1%83%D1%81%D1%8C&o=json&inclnb=1&key=AgY4Qy8qL2I1oMf6xu6SSpqncKEFzpjZIKzs3Y_lhKvdA4cRPMUpBEIDmgXxm5_e&maxResults=1
2024-04-28 11:51:40,107 INFO 494 Requested http://dev.virtualearth.net/REST/v1/Locations?q=%D0%9C%D0%B8%D0%BD%D1%81%D0%BA%2C+%D0%B1%D0%B5%D0%BB%D0%B0%D1%80%D1%83%D1%81%D1%8C&o=json&inclnb=1&key=AgY4Qy8qL2I1oMf6xu6SSpqncKEFzpjZIKzs3Y_lhKvdA4cRPMUpBEIDmgXxm5_e&maxResults=1
2024-04-28 11:51:40,952 INFO 494 Requested http://dev.virtualearth.net/REST/v1/Locations?q=%D0%93%D1%80%D0%BE%D0%B4%D0%BD%D0%BE%2C+%D0%B1%D0%B5%D0%BB%D0%B0%D1%80%D1%83%D1%81%D1%8C&o=json&inclnb=1&key=AgY4Qy8qL2I1oMf6xu6SSpqncKEFzpjZIKzs3Y_lhKvdA4cRPMUpBEIDmgXxm5_e&maxResults=1
2024-04-28 11:51:41,832 INFO 494 Requested http://dev.virtualearth.net/REST/v1/Locations?q=%D0%9C%D0%BE%D0%B3%D0%B8%D0%BB%D0%B5%D0%B2%2C+%D0%B1%D0%B5%D0%BB%D0%B0%D1%80%D1%83%D1%81%D1%8C&o=json&inclnb=1&key=AgY4Qy8qL2I1oMf6xu6SSpqncKEFzpjZIKzs3Y_lhKvdA4cRPMUpBEIDmgXxm5_e&maxResults=1
2024-04-28 11:51:42,685 INFO 494 Requested http://dev.virtualearth.net/REST/v1/Locations?q=%D0%92%D0%B8%D1%82%D0%B5%D0%B1%D1%81%D0%BA%2C+%D0%B1%D0%B5%D0%BB%D0%B0%D1%80%D1%83%D1%81%D1%8C&o=json&inclnb=1&key=AgY4Qy8qL2I1oMf6xu6SSpqncKEFzpjZIKzs3Y_lhKvdA4cRPMUpBEIDmgXxm5_e&maxResults=1
2024-04-28 11:52:00,039 INFO 9 ______lr | r2:[0.72 0.73], mae: [51595.06 51525.14]
2024-04-28 11:52:24,036 INFO 22 ______gs | r2:[0.8  0.78], mae: [41619.21 43566.93]
2024-04-28 11:52:46,908 INFO 21 __gs_iso | r2:[0.79 0.78], mae: [41881.06 43560.59]
2024-04-28 11:54:25,162 INFO 11 _____rfr | r2:[0.93 0.79], mae: [23935.62 42663.71]
2024-04-28 11:54:38,993 INFO 22 __gs_imp | r2:[0.79 0.77], mae: [42371.89 44198.1 ]
2024-04-28 11:56:45,529 INFO 22 gs_kbest | r2:[0.78 0.77], mae: [43311.88 44371.31]
